2020-04-02 10:21:32.045  [http-nio-8090-exec-7] DEBUG [com.xunqi.house.biz.mapper.HouseMapper.selectPageHouses:] http-nio-8090-exec-7cid - ==>  Preparing: SELECT a.id, a.type, a.name, a.price, a.images, a.area, a.beds, a.baths, a.rating, a.remarks, a.properties, a.floor_plan, a.tags, a.create_time, a.city_id, a.community_id, a.address, a.state FROM house a order by a.create_time desc LIMIT ?,? 
2020-04-02 10:21:32.362  [http-nio-8090-exec-7] DEBUG [com.xunqi.house.biz.mapper.HouseMapper.selectPageHouses:] http-nio-8090-exec-7cid - ==> Parameters: 0(Integer), 2(Integer)
2020-04-02 10:21:32.667  [http-nio-8090-exec-7] DEBUG [com.xunqi.house.biz.mapper.HouseMapper.selectPageHouses:] http-nio-8090-exec-7cid - <==      Total: 2
2020-04-02 10:21:32.697  [http-nio-8090-exec-7] DEBUG [com.xunqi.house.biz.mapper.HouseMapper.selectPageCount:] http-nio-8090-exec-7cid - ==>  Preparing: SELECT COUNT(id) FROM house AS a 
2020-04-02 10:21:32.706  [http-nio-8090-exec-7] DEBUG [com.xunqi.house.biz.mapper.HouseMapper.selectPageCount:] http-nio-8090-exec-7cid - ==> Parameters: 
2020-04-02 10:21:32.715  [http-nio-8090-exec-7] DEBUG [com.xunqi.house.biz.mapper.HouseMapper.selectPageCount:] http-nio-8090-exec-7cid - <==      Total: 1
2020-04-02 10:23:44.273  [http-nio-8090-exec-1] DEBUG [com.xunqi.house.biz.mapper.HouseMapper.selectPageHouses:] http-nio-8090-exec-1cid - ==>  Preparing: SELECT a.id, a.type, a.name, a.price, a.images, a.area, a.beds, a.baths, a.rating, a.remarks, a.properties, a.floor_plan, a.tags, a.create_time, a.city_id, a.community_id, a.address, a.state FROM house a order by a.create_time desc LIMIT ?,? 
2020-04-02 10:23:44.873  [http-nio-8090-exec-1] DEBUG [com.xunqi.house.biz.mapper.HouseMapper.selectPageHouses:] http-nio-8090-exec-1cid - ==> Parameters: 0(Integer), 2(Integer)
2020-04-02 10:23:45.226  [http-nio-8090-exec-1] DEBUG [com.xunqi.house.biz.mapper.HouseMapper.selectPageHouses:] http-nio-8090-exec-1cid - <==      Total: 2
2020-04-02 10:23:45.255  [http-nio-8090-exec-1] DEBUG [com.xunqi.house.biz.mapper.HouseMapper.selectPageCount:] http-nio-8090-exec-1cid - ==>  Preparing: SELECT COUNT(id) FROM house AS a 
2020-04-02 10:23:45.263  [http-nio-8090-exec-1] DEBUG [com.xunqi.house.biz.mapper.HouseMapper.selectPageCount:] http-nio-8090-exec-1cid - ==> Parameters: 
2020-04-02 10:23:45.269  [http-nio-8090-exec-1] DEBUG [com.xunqi.house.biz.mapper.HouseMapper.selectPageCount:] http-nio-8090-exec-1cid - <==      Total: 1
2020-04-02 10:27:21.419  [http-nio-8090-exec-1] DEBUG [com.xunqi.house.biz.mapper.HouseMapper.selectPageHouses:] http-nio-8090-exec-1cid - ==>  Preparing: SELECT a.id, a.type, a.name, a.price, a.images, a.area, a.beds, a.baths, a.rating, a.remarks, a.properties, a.floor_plan, a.tags, a.create_time, a.city_id, a.community_id, a.address, a.state FROM house a order by a.create_time desc LIMIT ?,? 
2020-04-02 10:27:22.002  [http-nio-8090-exec-1] DEBUG [com.xunqi.house.biz.mapper.HouseMapper.selectPageHouses:] http-nio-8090-exec-1cid - ==> Parameters: 0(Integer), 5(Integer)
2020-04-02 10:27:22.362  [http-nio-8090-exec-1] DEBUG [com.xunqi.house.biz.mapper.HouseMapper.selectPageHouses:] http-nio-8090-exec-1cid - <==      Total: 5
2020-04-02 10:27:52.665  [http-nio-8090-exec-1] DEBUG [com.xunqi.house.biz.mapper.HouseMapper.selectPageCount:] http-nio-8090-exec-1cid - ==>  Preparing: SELECT COUNT(id) FROM house AS a 
2020-04-02 10:27:52.677  [http-nio-8090-exec-1] DEBUG [com.xunqi.house.biz.mapper.HouseMapper.selectPageCount:] http-nio-8090-exec-1cid - ==> Parameters: 
2020-04-02 10:27:52.684  [http-nio-8090-exec-1] DEBUG [com.xunqi.house.biz.mapper.HouseMapper.selectPageCount:] http-nio-8090-exec-1cid - <==      Total: 1
2020-04-02 10:49:47.568  [http-nio-8090-exec-1] DEBUG [com.xunqi.house.biz.mapper.HouseMapper.selectPageHouses:] http-nio-8090-exec-1cid - ==>  Preparing: SELECT a.id, a.type, a.name, a.price, a.images, a.area, a.beds, a.baths, a.rating, a.remarks, a.properties, a.floor_plan, a.tags, a.create_time, a.city_id, a.community_id, a.address, a.state FROM house a order by a.create_time desc LIMIT ?,? 
2020-04-02 10:49:47.602  [http-nio-8090-exec-1] DEBUG [com.xunqi.house.biz.mapper.HouseMapper.selectPageHouses:] http-nio-8090-exec-1cid - ==> Parameters: 0(Integer), 5(Integer)
2020-04-02 10:49:47.669  [http-nio-8090-exec-1] DEBUG [com.xunqi.house.biz.mapper.HouseMapper.selectPageHouses:] http-nio-8090-exec-1cid - <==      Total: 5
2020-04-02 10:49:47.681  [http-nio-8090-exec-1] DEBUG [com.xunqi.house.biz.mapper.HouseMapper.selectPageCount:] http-nio-8090-exec-1cid - ==>  Preparing: SELECT COUNT(id) FROM house AS a 
2020-04-02 10:49:47.683  [http-nio-8090-exec-1] DEBUG [com.xunqi.house.biz.mapper.HouseMapper.selectPageCount:] http-nio-8090-exec-1cid - ==> Parameters: 
2020-04-02 10:49:47.687  [http-nio-8090-exec-1] DEBUG [com.xunqi.house.biz.mapper.HouseMapper.selectPageCount:] http-nio-8090-exec-1cid - <==      Total: 1
2020-04-02 10:54:19.385  [http-nio-8080-exec-1] DEBUG [com.xunqi.house.biz.mapper.HouseMapper.selectPageHouses:] http-nio-8080-exec-1cid - ==>  Preparing: SELECT a.id, a.type, a.name, a.price, a.images, a.area, a.beds, a.baths, a.rating, a.remarks, a.properties, a.floor_plan, a.tags, a.create_time, a.city_id, a.community_id, a.address, a.state FROM house a order by a.create_time desc LIMIT ?,? 
2020-04-02 10:54:19.861  [http-nio-8080-exec-1] DEBUG [com.xunqi.house.biz.mapper.HouseMapper.selectPageHouses:] http-nio-8080-exec-1cid - ==> Parameters: 0(Integer), 5(Integer)
2020-04-02 10:54:20.158  [http-nio-8080-exec-1] DEBUG [com.xunqi.house.biz.mapper.HouseMapper.selectPageHouses:] http-nio-8080-exec-1cid - <==      Total: 5
2020-04-02 10:54:26.159  [http-nio-8080-exec-1] DEBUG [com.xunqi.house.biz.mapper.HouseMapper.selectPageCount:] http-nio-8080-exec-1cid - ==>  Preparing: SELECT COUNT(id) FROM house AS a 
2020-04-02 10:54:26.165  [http-nio-8080-exec-1] DEBUG [com.xunqi.house.biz.mapper.HouseMapper.selectPageCount:] http-nio-8080-exec-1cid - ==> Parameters: 
2020-04-02 10:54:26.173  [http-nio-8080-exec-1] DEBUG [com.xunqi.house.biz.mapper.HouseMapper.selectPageCount:] http-nio-8080-exec-1cid - <==      Total: 1
2020-04-02 10:57:12.952  [http-nio-8080-exec-3] DEBUG [com.xunqi.house.biz.mapper.HouseMapper.selectCommunity:] http-nio-8080-exec-3cid - ==>  Preparing: SELECT id, city_code, name, city_name FROM community WHERE name = ? 
2020-04-02 10:57:13.446  [http-nio-8080-exec-3] DEBUG [com.xunqi.house.biz.mapper.HouseMapper.selectCommunity:] http-nio-8080-exec-3cid - ==> Parameters: 西山华府(String)
2020-04-02 10:57:13.674  [http-nio-8080-exec-3] DEBUG [com.xunqi.house.biz.mapper.HouseMapper.selectCommunity:] http-nio-8080-exec-3cid - <==      Total: 1
2020-04-02 10:57:19.626  [http-nio-8080-exec-3] DEBUG [com.xunqi.house.biz.mapper.HouseMapper.selectPageHouses:] http-nio-8080-exec-3cid - ==>  Preparing: SELECT a.id, a.type, a.name, a.price, a.images, a.area, a.beds, a.baths, a.rating, a.remarks, a.properties, a.floor_plan, a.tags, a.create_time, a.city_id, a.community_id, a.address, a.state FROM house a WHERE a.type = ? AND a.name LIKE ? order by a.create_time desc LIMIT ?,? 
2020-04-02 10:57:19.636  [http-nio-8080-exec-3] DEBUG [com.xunqi.house.biz.mapper.HouseMapper.selectPageHouses:] http-nio-8080-exec-3cid - ==> Parameters: 1(Integer), %西山华府%(String), 0(Integer), 5(Integer)
2020-04-02 10:57:19.664  [http-nio-8080-exec-3] DEBUG [com.xunqi.house.biz.mapper.HouseMapper.selectPageHouses:] http-nio-8080-exec-3cid - <==      Total: 1
2020-04-02 10:57:19.676  [http-nio-8080-exec-3] DEBUG [com.xunqi.house.biz.mapper.HouseMapper.selectPageCount:] http-nio-8080-exec-3cid - ==>  Preparing: SELECT COUNT(id) FROM house AS a WHERE a.type = ? AND a.name LIKE ? 
2020-04-02 10:57:19.680  [http-nio-8080-exec-3] DEBUG [com.xunqi.house.biz.mapper.HouseMapper.selectPageCount:] http-nio-8080-exec-3cid - ==> Parameters: 1(Integer), %西山华府%(String)
2020-04-02 10:57:19.682  [http-nio-8080-exec-3] DEBUG [com.xunqi.house.biz.mapper.HouseMapper.selectPageCount:] http-nio-8080-exec-3cid - <==      Total: 1
