2020-04-08 16:04:24.568  [http-nio-8090-exec-9] DEBUG [com.xunqi.house.biz.mapper.HouseMapper.selectPageHouses:] http-nio-8090-exec-9cid - ==>  Preparing: select a.id, a.type, a.name, a.price, a.images, a.area, a.beds, a.baths, a.rating, a.remarks, a.properties, a.floor_plan, a.tags, a.create_time, a.city_id, a.community_id, a.address, a.state from house a order by a.create_time desc limit ?,? 
2020-04-08 16:04:24.705  [http-nio-8090-exec-9] DEBUG [com.xunqi.house.biz.mapper.HouseMapper.selectPageHouses:] http-nio-8090-exec-9cid - ==> Parameters: 0(Integer), 1(Integer)
2020-04-08 16:04:24.806  [http-nio-8090-exec-9] DEBUG [com.xunqi.house.biz.mapper.HouseMapper.selectPageHouses:] http-nio-8090-exec-9cid - <==      Total: 1
2020-04-08 16:04:24.839  [http-nio-8090-exec-9] DEBUG [com.xunqi.house.biz.mapper.HouseMapper.selectSaleHouseUser:] http-nio-8090-exec-9cid - ==>  Preparing: SELECT id,house_id,user_id,create_time,type FROM house_user WHERE house_id = ? AND type = 1 LIMIT 1 
2020-04-08 16:04:24.854  [http-nio-8090-exec-9] DEBUG [com.xunqi.house.biz.mapper.HouseMapper.selectSaleHouseUser:] http-nio-8090-exec-9cid - ==> Parameters: null
2020-04-08 16:04:24.863  [http-nio-8090-exec-9] DEBUG [com.xunqi.house.biz.mapper.HouseMapper.selectSaleHouseUser:] http-nio-8090-exec-9cid - <==      Total: 0
2020-04-08 16:04:28.932  [http-nio-8090-exec-4] DEBUG [com.xunqi.house.biz.mapper.HouseMapper.selectPageHouses:] http-nio-8090-exec-4cid - ==>  Preparing: select a.id, a.type, a.name, a.price, a.images, a.area, a.beds, a.baths, a.rating, a.remarks, a.properties, a.floor_plan, a.tags, a.create_time, a.city_id, a.community_id, a.address, a.state from house a WHERE a.id = ? order by a.create_time desc limit ?,? 
2020-04-08 16:04:28.937  [http-nio-8090-exec-4] DEBUG [com.xunqi.house.biz.mapper.HouseMapper.selectPageHouses:] http-nio-8090-exec-4cid - ==> Parameters: 45(Long), 0(Integer), 1(Integer)
2020-04-08 16:04:28.941  [http-nio-8090-exec-4] DEBUG [com.xunqi.house.biz.mapper.HouseMapper.selectPageHouses:] http-nio-8090-exec-4cid - <==      Total: 1
2020-04-08 16:04:28.941  [http-nio-8090-exec-4] DEBUG [com.xunqi.house.biz.mapper.HouseMapper.selectSaleHouseUser:] http-nio-8090-exec-4cid - ==>  Preparing: SELECT id,house_id,user_id,create_time,type FROM house_user WHERE house_id = ? AND type = 1 LIMIT 1 
2020-04-08 16:04:28.941  [http-nio-8090-exec-4] DEBUG [com.xunqi.house.biz.mapper.HouseMapper.selectSaleHouseUser:] http-nio-8090-exec-4cid - ==> Parameters: 45(Long)
2020-04-08 16:04:28.950  [http-nio-8090-exec-4] DEBUG [com.xunqi.house.biz.mapper.HouseMapper.selectSaleHouseUser:] http-nio-8090-exec-4cid - <==      Total: 1
2020-04-08 16:04:28.956  [http-nio-8090-exec-4] DEBUG [com.xunqi.house.biz.mapper.AgencyMapper.selectAgent:] http-nio-8090-exec-4cid - ==>  Preparing: SELECT id, name, phone, email, aboutme, passwd, avatar, type, create_time, enable, agency_id FROM user WHERE enable = 1 and type = 2 AND id = ? ORDER BY id DESC LIMIT ?, ? 
2020-04-08 16:04:28.956  [http-nio-8090-exec-4] DEBUG [com.xunqi.house.biz.mapper.AgencyMapper.selectAgent:] http-nio-8090-exec-4cid - ==> Parameters: 7(Long), 0(Integer), 1(Integer)
2020-04-08 16:04:28.962  [http-nio-8090-exec-4] DEBUG [com.xunqi.house.biz.mapper.AgencyMapper.selectAgent:] http-nio-8090-exec-4cid - <==      Total: 1
2020-04-08 16:10:07.754  [http-nio-8090-exec-1] DEBUG [com.xunqi.house.biz.mapper.HouseMapper.selectPageHouses:] http-nio-8090-exec-1cid - ==>  Preparing: select a.id, a.type, a.name, a.price, a.images, a.area, a.beds, a.baths, a.rating, a.remarks, a.properties, a.floor_plan, a.tags, a.create_time, a.city_id, a.community_id, a.address, a.state from house a WHERE state = 1 a.id = ? order by a.create_time desc limit ?,? 
2020-04-08 16:10:07.885  [http-nio-8090-exec-1] DEBUG [com.xunqi.house.biz.mapper.HouseMapper.selectPageHouses:] http-nio-8090-exec-1cid - ==> Parameters: 45(Long), 0(Integer), 1(Integer)
2020-04-08 16:10:22.783  [http-nio-8090-exec-5] DEBUG [com.xunqi.house.biz.mapper.HouseMapper.selectPageHouses:] http-nio-8090-exec-5cid - ==>  Preparing: select a.id, a.type, a.name, a.price, a.images, a.area, a.beds, a.baths, a.rating, a.remarks, a.properties, a.floor_plan, a.tags, a.create_time, a.city_id, a.community_id, a.address, a.state from house a WHERE state = 1 order by a.create_time desc limit ?,? 
2020-04-08 16:10:22.787  [http-nio-8090-exec-5] DEBUG [com.xunqi.house.biz.mapper.HouseMapper.selectPageHouses:] http-nio-8090-exec-5cid - ==> Parameters: 0(Integer), 5(Integer)
2020-04-08 16:10:22.854  [http-nio-8090-exec-5] DEBUG [com.xunqi.house.biz.mapper.HouseMapper.selectPageHouses:] http-nio-8090-exec-5cid - <==      Total: 5
2020-04-08 16:10:22.865  [http-nio-8090-exec-5] DEBUG [com.xunqi.house.biz.mapper.HouseMapper.selectPageCount:] http-nio-8090-exec-5cid - ==>  Preparing: SELECT COUNT(id) FROM house AS a WHERE state = 1 
2020-04-08 16:10:22.871  [http-nio-8090-exec-5] DEBUG [com.xunqi.house.biz.mapper.HouseMapper.selectPageCount:] http-nio-8090-exec-5cid - ==> Parameters: 
2020-04-08 16:10:22.875  [http-nio-8090-exec-5] DEBUG [com.xunqi.house.biz.mapper.HouseMapper.selectPageCount:] http-nio-8090-exec-5cid - <==      Total: 1
2020-04-08 16:10:44.808  [http-nio-8090-exec-8] DEBUG [com.xunqi.house.biz.mapper.HouseMapper.selectPageHouses:] http-nio-8090-exec-8cid - ==>  Preparing: select a.id, a.type, a.name, a.price, a.images, a.area, a.beds, a.baths, a.rating, a.remarks, a.properties, a.floor_plan, a.tags, a.create_time, a.city_id, a.community_id, a.address, a.state from house a WHERE state = 1 order by a.create_time desc limit ?,? 
2020-04-08 16:10:44.819  [http-nio-8090-exec-8] DEBUG [com.xunqi.house.biz.mapper.HouseMapper.selectPageHouses:] http-nio-8090-exec-8cid - ==> Parameters: 0(Integer), 5(Integer)
2020-04-08 16:10:44.855  [http-nio-8090-exec-8] DEBUG [com.xunqi.house.biz.mapper.HouseMapper.selectPageHouses:] http-nio-8090-exec-8cid - <==      Total: 5
2020-04-08 16:10:44.862  [http-nio-8090-exec-8] DEBUG [com.xunqi.house.biz.mapper.HouseMapper.selectPageCount:] http-nio-8090-exec-8cid - ==>  Preparing: SELECT COUNT(id) FROM house AS a WHERE state = 1 
2020-04-08 16:10:44.864  [http-nio-8090-exec-8] DEBUG [com.xunqi.house.biz.mapper.HouseMapper.selectPageCount:] http-nio-8090-exec-8cid - ==> Parameters: 
2020-04-08 16:10:44.869  [http-nio-8090-exec-8] DEBUG [com.xunqi.house.biz.mapper.HouseMapper.selectPageCount:] http-nio-8090-exec-8cid - <==      Total: 1
2020-04-08 16:11:04.119  [http-nio-8090-exec-1] DEBUG [com.xunqi.house.biz.mapper.HouseMapper.selectPageHouses:] http-nio-8090-exec-1cid - ==>  Preparing: select a.id, a.type, a.name, a.price, a.images, a.area, a.beds, a.baths, a.rating, a.remarks, a.properties, a.floor_plan, a.tags, a.create_time, a.city_id, a.community_id, a.address, a.state from house a WHERE state = 1 order by a.create_time desc limit ?,? 
2020-04-08 16:11:04.133  [http-nio-8090-exec-1] DEBUG [com.xunqi.house.biz.mapper.HouseMapper.selectPageHouses:] http-nio-8090-exec-1cid - ==> Parameters: 0(Integer), 5(Integer)
2020-04-08 16:11:04.181  [http-nio-8090-exec-1] DEBUG [com.xunqi.house.biz.mapper.HouseMapper.selectPageHouses:] http-nio-8090-exec-1cid - <==      Total: 5
2020-04-08 16:11:04.186  [http-nio-8090-exec-1] DEBUG [com.xunqi.house.biz.mapper.HouseMapper.selectPageCount:] http-nio-8090-exec-1cid - ==>  Preparing: SELECT COUNT(id) FROM house AS a WHERE state = 1 
2020-04-08 16:11:04.191  [http-nio-8090-exec-1] DEBUG [com.xunqi.house.biz.mapper.HouseMapper.selectPageCount:] http-nio-8090-exec-1cid - ==> Parameters: 
2020-04-08 16:11:04.198  [http-nio-8090-exec-1] DEBUG [com.xunqi.house.biz.mapper.HouseMapper.selectPageCount:] http-nio-8090-exec-1cid - <==      Total: 1
2020-04-08 16:12:09.687  [http-nio-8090-exec-1] DEBUG [com.xunqi.house.biz.mapper.HouseMapper.selectPageHouses:] http-nio-8090-exec-1cid - ==>  Preparing: select a.id, a.type, a.name, a.price, a.images, a.area, a.beds, a.baths, a.rating, a.remarks, a.properties, a.floor_plan, a.tags, a.create_time, a.city_id, a.community_id, a.address, a.state from house a WHERE state = 1 order by a.create_time desc limit ?,? 
2020-04-08 16:12:09.887  [http-nio-8090-exec-1] DEBUG [com.xunqi.house.biz.mapper.HouseMapper.selectPageHouses:] http-nio-8090-exec-1cid - ==> Parameters: 0(Integer), 5(Integer)
2020-04-08 16:12:09.975  [http-nio-8090-exec-1] DEBUG [com.xunqi.house.biz.mapper.HouseMapper.selectPageHouses:] http-nio-8090-exec-1cid - <==      Total: 5
2020-04-08 16:12:10.004  [http-nio-8090-exec-1] DEBUG [com.xunqi.house.biz.mapper.HouseMapper.selectPageCount:] http-nio-8090-exec-1cid - ==>  Preparing: SELECT COUNT(id) FROM house AS a WHERE state = 1 
2020-04-08 16:12:10.012  [http-nio-8090-exec-1] DEBUG [com.xunqi.house.biz.mapper.HouseMapper.selectPageCount:] http-nio-8090-exec-1cid - ==> Parameters: 
2020-04-08 16:12:10.015  [http-nio-8090-exec-1] DEBUG [com.xunqi.house.biz.mapper.HouseMapper.selectPageCount:] http-nio-8090-exec-1cid - <==      Total: 1
2020-04-08 16:13:18.475  [http-nio-8090-exec-1] DEBUG [com.xunqi.house.biz.mapper.HouseMapper.selectPageHouses:] http-nio-8090-exec-1cid - ==>  Preparing: select a.id, a.type, a.name, a.price, a.images, a.area, a.beds, a.baths, a.rating, a.remarks, a.properties, a.floor_plan, a.tags, a.create_time, a.city_id, a.community_id, a.address, a.state from house a WHERE state = 1 order by a.create_time desc limit ?,? 
2020-04-08 16:13:18.670  [http-nio-8090-exec-1] DEBUG [com.xunqi.house.biz.mapper.HouseMapper.selectPageHouses:] http-nio-8090-exec-1cid - ==> Parameters: 0(Integer), 5(Integer)
2020-04-08 16:13:18.732  [http-nio-8090-exec-1] DEBUG [com.xunqi.house.biz.mapper.HouseMapper.selectPageHouses:] http-nio-8090-exec-1cid - <==      Total: 5
2020-04-08 16:13:18.750  [http-nio-8090-exec-1] DEBUG [com.xunqi.house.biz.mapper.HouseMapper.selectPageCount:] http-nio-8090-exec-1cid - ==>  Preparing: SELECT COUNT(id) FROM house AS a WHERE state = 1 
2020-04-08 16:13:18.757  [http-nio-8090-exec-1] DEBUG [com.xunqi.house.biz.mapper.HouseMapper.selectPageCount:] http-nio-8090-exec-1cid - ==> Parameters: 
2020-04-08 16:13:18.759  [http-nio-8090-exec-1] DEBUG [com.xunqi.house.biz.mapper.HouseMapper.selectPageCount:] http-nio-8090-exec-1cid - <==      Total: 1
2020-04-08 16:13:37.334  [http-nio-8090-exec-5] DEBUG [com.xunqi.house.biz.mapper.HouseMapper.selectPageHouses:] http-nio-8090-exec-5cid - ==>  Preparing: select a.id, a.type, a.name, a.price, a.images, a.area, a.beds, a.baths, a.rating, a.remarks, a.properties, a.floor_plan, a.tags, a.create_time, a.city_id, a.community_id, a.address, a.state from house a WHERE state = 1 order by a.create_time desc limit ?,? 
2020-04-08 16:13:37.343  [http-nio-8090-exec-5] DEBUG [com.xunqi.house.biz.mapper.HouseMapper.selectPageHouses:] http-nio-8090-exec-5cid - ==> Parameters: 0(Integer), 5(Integer)
2020-04-08 16:13:37.351  [http-nio-8090-exec-5] DEBUG [com.xunqi.house.biz.mapper.HouseMapper.selectPageHouses:] http-nio-8090-exec-5cid - <==      Total: 5
2020-04-08 16:13:37.353  [http-nio-8090-exec-5] DEBUG [com.xunqi.house.biz.mapper.HouseMapper.selectPageCount:] http-nio-8090-exec-5cid - ==>  Preparing: SELECT COUNT(id) FROM house AS a WHERE state = 1 
2020-04-08 16:13:37.353  [http-nio-8090-exec-5] DEBUG [com.xunqi.house.biz.mapper.HouseMapper.selectPageCount:] http-nio-8090-exec-5cid - ==> Parameters: 
2020-04-08 16:13:37.355  [http-nio-8090-exec-5] DEBUG [com.xunqi.house.biz.mapper.HouseMapper.selectPageCount:] http-nio-8090-exec-5cid - <==      Total: 1
2020-04-08 16:16:12.970  [http-nio-8090-exec-1] DEBUG [com.xunqi.house.biz.mapper.HouseMapper.selectPageHouses:] http-nio-8090-exec-1cid - ==>  Preparing: select a.id, a.type, a.name, a.price, a.images, a.area, a.beds, a.baths, a.rating, a.remarks, a.properties, a.floor_plan, a.tags, a.create_time, a.city_id, a.community_id, a.address, a.state from house a WHERE state = 1 order by a.create_time desc limit ?,? 
2020-04-08 16:16:13.224  [http-nio-8090-exec-1] DEBUG [com.xunqi.house.biz.mapper.HouseMapper.selectPageHouses:] http-nio-8090-exec-1cid - ==> Parameters: 0(Integer), 5(Integer)
2020-04-08 16:16:13.376  [http-nio-8090-exec-1] DEBUG [com.xunqi.house.biz.mapper.HouseMapper.selectPageHouses:] http-nio-8090-exec-1cid - <==      Total: 5
2020-04-08 16:16:13.399  [http-nio-8090-exec-1] DEBUG [com.xunqi.house.biz.mapper.HouseMapper.selectPageCount:] http-nio-8090-exec-1cid - ==>  Preparing: SELECT COUNT(id) FROM house AS a WHERE state = 1 
2020-04-08 16:16:13.407  [http-nio-8090-exec-1] DEBUG [com.xunqi.house.biz.mapper.HouseMapper.selectPageCount:] http-nio-8090-exec-1cid - ==> Parameters: 
2020-04-08 16:16:13.410  [http-nio-8090-exec-1] DEBUG [com.xunqi.house.biz.mapper.HouseMapper.selectPageCount:] http-nio-8090-exec-1cid - <==      Total: 1
2020-04-08 16:16:30.437  [http-nio-8090-exec-5] DEBUG [com.xunqi.house.biz.mapper.HouseMapper.selectPageHouses:] http-nio-8090-exec-5cid - ==>  Preparing: select a.id, a.type, a.name, a.price, a.images, a.area, a.beds, a.baths, a.rating, a.remarks, a.properties, a.floor_plan, a.tags, a.create_time, a.city_id, a.community_id, a.address, a.state from house a WHERE state = 1 order by a.create_time desc limit ?,? 
2020-04-08 16:16:30.438  [http-nio-8090-exec-5] DEBUG [com.xunqi.house.biz.mapper.HouseMapper.selectPageHouses:] http-nio-8090-exec-5cid - ==> Parameters: 0(Integer), 5(Integer)
2020-04-08 16:16:30.446  [http-nio-8090-exec-5] DEBUG [com.xunqi.house.biz.mapper.HouseMapper.selectPageHouses:] http-nio-8090-exec-5cid - <==      Total: 5
2020-04-08 16:16:30.447  [http-nio-8090-exec-5] DEBUG [com.xunqi.house.biz.mapper.HouseMapper.selectPageCount:] http-nio-8090-exec-5cid - ==>  Preparing: SELECT COUNT(id) FROM house AS a WHERE state = 1 
2020-04-08 16:16:30.448  [http-nio-8090-exec-5] DEBUG [com.xunqi.house.biz.mapper.HouseMapper.selectPageCount:] http-nio-8090-exec-5cid - ==> Parameters: 
2020-04-08 16:16:30.450  [http-nio-8090-exec-5] DEBUG [com.xunqi.house.biz.mapper.HouseMapper.selectPageCount:] http-nio-8090-exec-5cid - <==      Total: 1
2020-04-08 16:16:35.346  [http-nio-8090-exec-6] DEBUG [com.xunqi.house.biz.mapper.HouseMapper.selectPageHouses:] http-nio-8090-exec-6cid - ==>  Preparing: select a.id, a.type, a.name, a.price, a.images, a.area, a.beds, a.baths, a.rating, a.remarks, a.properties, a.floor_plan, a.tags, a.create_time, a.city_id, a.community_id, a.address, a.state from house a WHERE state = 1 a.id = ? order by a.create_time desc limit ?,? 
2020-04-08 16:16:35.356  [http-nio-8090-exec-6] DEBUG [com.xunqi.house.biz.mapper.HouseMapper.selectPageHouses:] http-nio-8090-exec-6cid - ==> Parameters: 45(Long), 0(Integer), 1(Integer)
2020-04-08 16:16:59.302  [http-nio-8090-exec-4] DEBUG [com.xunqi.house.biz.mapper.HouseMapper.selectPageHouses:] http-nio-8090-exec-4cid - ==>  Preparing: select a.id, a.type, a.name, a.price, a.images, a.area, a.beds, a.baths, a.rating, a.remarks, a.properties, a.floor_plan, a.tags, a.create_time, a.city_id, a.community_id, a.address, a.state from house a WHERE state = 1 a.id = ? order by a.create_time desc limit ?,? 
2020-04-08 16:16:59.318  [http-nio-8090-exec-4] DEBUG [com.xunqi.house.biz.mapper.HouseMapper.selectPageHouses:] http-nio-8090-exec-4cid - ==> Parameters: 45(Long), 0(Integer), 1(Integer)
2020-04-08 16:17:24.270  [http-nio-8090-exec-5] DEBUG [com.xunqi.house.biz.mapper.HouseMapper.selectPageHouses:] http-nio-8090-exec-5cid - ==>  Preparing: select a.id, a.type, a.name, a.price, a.images, a.area, a.beds, a.baths, a.rating, a.remarks, a.properties, a.floor_plan, a.tags, a.create_time, a.city_id, a.community_id, a.address, a.state from house a WHERE state = 1 a.id = ? order by a.create_time desc limit ?,? 
2020-04-08 16:17:24.277  [http-nio-8090-exec-5] DEBUG [com.xunqi.house.biz.mapper.HouseMapper.selectPageHouses:] http-nio-8090-exec-5cid - ==> Parameters: 45(Long), 0(Integer), 1(Integer)
2020-04-08 16:18:20.793  [http-nio-8090-exec-10] DEBUG [com.xunqi.house.biz.mapper.HouseMapper.selectPageHouses:] http-nio-8090-exec-10cid - ==>  Preparing: select a.id, a.type, a.name, a.price, a.images, a.area, a.beds, a.baths, a.rating, a.remarks, a.properties, a.floor_plan, a.tags, a.create_time, a.city_id, a.community_id, a.address, a.state from house a WHERE state = 1 a.id = ? order by a.create_time desc limit ?,? 
2020-04-08 16:18:20.804  [http-nio-8090-exec-10] DEBUG [com.xunqi.house.biz.mapper.HouseMapper.selectPageHouses:] http-nio-8090-exec-10cid - ==> Parameters: 45(Long), 0(Integer), 1(Integer)
2020-04-08 16:21:21.281  [http-nio-8090-exec-1] DEBUG [com.xunqi.house.biz.mapper.HouseMapper.selectPageHouses:] http-nio-8090-exec-1cid - ==>  Preparing: select a.id, a.type, a.name, a.price, a.images, a.area, a.beds, a.baths, a.rating, a.remarks, a.properties, a.floor_plan, a.tags, a.create_time, a.city_id, a.community_id, a.address, a.state from house a WHERE state = 1 a.id = ? order by a.create_time desc limit ?,? 
2020-04-08 16:21:22.048  [http-nio-8090-exec-1] DEBUG [com.xunqi.house.biz.mapper.HouseMapper.selectPageHouses:] http-nio-8090-exec-1cid - ==> Parameters: 45(Long), 0(Integer), 1(Integer)
2020-04-08 16:23:59.229  [http-nio-8090-exec-2] DEBUG [com.xunqi.house.biz.mapper.HouseMapper.selectPageHouses:] http-nio-8090-exec-2cid - ==>  Preparing: select a.id, a.type, a.name, a.price, a.images, a.area, a.beds, a.baths, a.rating, a.remarks, a.properties, a.floor_plan, a.tags, a.create_time, a.city_id, a.community_id, a.address, a.state from house a WHERE state = 1 and a.id = ? order by a.create_time desc limit ?,? 
2020-04-08 16:23:59.585  [http-nio-8090-exec-2] DEBUG [com.xunqi.house.biz.mapper.HouseMapper.selectPageHouses:] http-nio-8090-exec-2cid - ==> Parameters: 45(Long), 0(Integer), 1(Integer)
2020-04-08 16:23:59.879  [http-nio-8090-exec-2] DEBUG [com.xunqi.house.biz.mapper.HouseMapper.selectPageHouses:] http-nio-8090-exec-2cid - <==      Total: 1
2020-04-08 16:24:08.130  [http-nio-8090-exec-2] DEBUG [com.xunqi.house.biz.mapper.HouseMapper.selectSaleHouseUser:] http-nio-8090-exec-2cid - ==>  Preparing: SELECT id,house_id,user_id,create_time,type FROM house_user WHERE house_id = ? AND type = 1 LIMIT 1 
2020-04-08 16:24:08.131  [http-nio-8090-exec-2] DEBUG [com.xunqi.house.biz.mapper.HouseMapper.selectSaleHouseUser:] http-nio-8090-exec-2cid - ==> Parameters: 45(Long)
2020-04-08 16:24:08.145  [http-nio-8090-exec-2] DEBUG [com.xunqi.house.biz.mapper.HouseMapper.selectSaleHouseUser:] http-nio-8090-exec-2cid - <==      Total: 1
2020-04-08 16:24:08.186  [http-nio-8090-exec-2] DEBUG [com.xunqi.house.biz.mapper.AgencyMapper.selectAgent:] http-nio-8090-exec-2cid - ==>  Preparing: SELECT id, name, phone, email, aboutme, passwd, avatar, type, create_time, enable, agency_id FROM user WHERE enable = 1 and type = 2 AND id = ? ORDER BY id DESC LIMIT ?, ? 
2020-04-08 16:24:08.188  [http-nio-8090-exec-2] DEBUG [com.xunqi.house.biz.mapper.AgencyMapper.selectAgent:] http-nio-8090-exec-2cid - ==> Parameters: 7(Long), 0(Integer), 1(Integer)
2020-04-08 16:24:08.196  [http-nio-8090-exec-2] DEBUG [com.xunqi.house.biz.mapper.AgencyMapper.selectAgent:] http-nio-8090-exec-2cid - <==      Total: 1
2020-04-08 16:24:54.303  [http-nio-8090-exec-6] DEBUG [com.xunqi.house.biz.mapper.HouseMapper.selectCommunity:] http-nio-8090-exec-6cid - ==>  Preparing: SELECT id, city_code, name, city_name FROM community 
2020-04-08 16:24:54.318  [http-nio-8090-exec-6] DEBUG [com.xunqi.house.biz.mapper.HouseMapper.selectCommunity:] http-nio-8090-exec-6cid - ==> Parameters: 
2020-04-08 16:24:54.372  [http-nio-8090-exec-6] DEBUG [com.xunqi.house.biz.mapper.HouseMapper.selectCommunity:] http-nio-8090-exec-6cid - <==      Total: 7
2020-04-08 16:30:54.366  [http-nio-8090-exec-1] DEBUG [com.xunqi.house.biz.mapper.HouseMapper.selectCommunity:] http-nio-8090-exec-1cid - ==>  Preparing: SELECT id, city_code, name, city_name FROM community 
2020-04-08 16:30:54.507  [http-nio-8090-exec-1] DEBUG [com.xunqi.house.biz.mapper.HouseMapper.selectCommunity:] http-nio-8090-exec-1cid - ==> Parameters: 
2020-04-08 16:30:54.572  [http-nio-8090-exec-1] DEBUG [com.xunqi.house.biz.mapper.HouseMapper.selectCommunity:] http-nio-8090-exec-1cid - <==      Total: 7
2020-04-08 16:31:49.779  [http-nio-8090-exec-5] DEBUG [com.xunqi.house.biz.mapper.HouseMapper.selectCommunity:] http-nio-8090-exec-5cid - ==>  Preparing: SELECT id, city_code, name, city_name FROM community 
2020-04-08 16:31:49.785  [http-nio-8090-exec-5] DEBUG [com.xunqi.house.biz.mapper.HouseMapper.selectCommunity:] http-nio-8090-exec-5cid - ==> Parameters: 
2020-04-08 16:31:49.791  [http-nio-8090-exec-5] DEBUG [com.xunqi.house.biz.mapper.HouseMapper.selectCommunity:] http-nio-8090-exec-5cid - <==      Total: 7
2020-04-08 16:35:00.801  [http-nio-8090-exec-9] DEBUG [com.xunqi.house.biz.mapper.HouseMapper.selectCommunity:] http-nio-8090-exec-9cid - ==>  Preparing: SELECT id, city_code, name, city_name FROM community 
2020-04-08 16:35:00.802  [http-nio-8090-exec-9] DEBUG [com.xunqi.house.biz.mapper.HouseMapper.selectCommunity:] http-nio-8090-exec-9cid - ==> Parameters: 
2020-04-08 16:35:00.812  [http-nio-8090-exec-9] DEBUG [com.xunqi.house.biz.mapper.HouseMapper.selectCommunity:] http-nio-8090-exec-9cid - <==      Total: 7
2020-04-08 16:38:07.361  [http-nio-8090-exec-5] DEBUG [com.xunqi.house.biz.mapper.UserMapper.selectUserByQuery:] http-nio-8090-exec-5cid - ==>  Preparing: select * from user WHERE email = ? and passwd = ? and enable = ? 
2020-04-08 16:38:07.395  [http-nio-8090-exec-5] DEBUG [com.xunqi.house.biz.mapper.UserMapper.selectUserByQuery:] http-nio-8090-exec-5cid - ==> Parameters: hjl1468041654@163.com(String), 2f0610b8f15080987293497c68d4d9f5(String), 1(Integer)
2020-04-08 16:38:07.411  [http-nio-8090-exec-5] DEBUG [com.xunqi.house.biz.mapper.UserMapper.selectUserByQuery:] http-nio-8090-exec-5cid - <==      Total: 1
2020-04-08 16:38:18.004  [http-nio-8090-exec-9] DEBUG [com.xunqi.house.biz.mapper.HouseMapper.selectPageHouses:] http-nio-8090-exec-9cid - ==>  Preparing: select a.id, a.type, a.name, a.price, a.images, a.area, a.beds, a.baths, a.rating, a.remarks, a.properties, a.floor_plan, a.tags, a.create_time, a.city_id, a.community_id, a.address, a.state from house a WHERE state = 1 order by a.create_time desc limit ?,? 
2020-04-08 16:38:18.013  [http-nio-8090-exec-9] DEBUG [com.xunqi.house.biz.mapper.HouseMapper.selectPageHouses:] http-nio-8090-exec-9cid - ==> Parameters: 0(Integer), 5(Integer)
2020-04-08 16:38:18.051  [http-nio-8090-exec-9] DEBUG [com.xunqi.house.biz.mapper.HouseMapper.selectPageHouses:] http-nio-8090-exec-9cid - <==      Total: 5
2020-04-08 16:38:18.080  [http-nio-8090-exec-9] DEBUG [com.xunqi.house.biz.mapper.HouseMapper.selectPageCount:] http-nio-8090-exec-9cid - ==>  Preparing: SELECT COUNT(id) FROM house AS a WHERE state = 1 
2020-04-08 16:38:18.085  [http-nio-8090-exec-9] DEBUG [com.xunqi.house.biz.mapper.HouseMapper.selectPageCount:] http-nio-8090-exec-9cid - ==> Parameters: 
2020-04-08 16:38:18.088  [http-nio-8090-exec-9] DEBUG [com.xunqi.house.biz.mapper.HouseMapper.selectPageCount:] http-nio-8090-exec-9cid - <==      Total: 1
2020-04-08 16:38:37.927  [http-nio-8090-exec-3] DEBUG [com.xunqi.house.biz.mapper.HouseMapper.selectPageHouses:] http-nio-8090-exec-3cid - ==>  Preparing: select a.id, a.type, a.name, a.price, a.images, a.area, a.beds, a.baths, a.rating, a.remarks, a.properties, a.floor_plan, a.tags, a.create_time, a.city_id, a.community_id, a.address, a.state from house a WHERE state = 1 order by a.create_time desc limit ?,? 
2020-04-08 16:38:37.929  [http-nio-8090-exec-3] DEBUG [com.xunqi.house.biz.mapper.HouseMapper.selectPageHouses:] http-nio-8090-exec-3cid - ==> Parameters: 0(Integer), 5(Integer)
2020-04-08 16:38:37.933  [http-nio-8090-exec-3] DEBUG [com.xunqi.house.biz.mapper.HouseMapper.selectPageHouses:] http-nio-8090-exec-3cid - <==      Total: 5
2020-04-08 16:38:37.934  [http-nio-8090-exec-3] DEBUG [com.xunqi.house.biz.mapper.HouseMapper.selectPageCount:] http-nio-8090-exec-3cid - ==>  Preparing: SELECT COUNT(id) FROM house AS a WHERE state = 1 
2020-04-08 16:38:37.934  [http-nio-8090-exec-3] DEBUG [com.xunqi.house.biz.mapper.HouseMapper.selectPageCount:] http-nio-8090-exec-3cid - ==> Parameters: 
2020-04-08 16:38:37.935  [http-nio-8090-exec-3] DEBUG [com.xunqi.house.biz.mapper.HouseMapper.selectPageCount:] http-nio-8090-exec-3cid - <==      Total: 1
2020-04-08 16:38:49.973  [http-nio-8090-exec-8] DEBUG [com.xunqi.house.biz.mapper.HouseMapper.insert:] http-nio-8090-exec-8cid - ==>  Preparing: INSERT INTO house( type, name, price, images, area, beds, baths, rating, remarks, properties, floor_plan, tags, create_time, city_id, community_id, address, state ) VALUES ( ?, ?, ?, ?, ?, ?, ?, ?, ?, ?, ?, ?, ?, ?, ?, ?, ? ) 
2020-04-08 16:38:49.987  [http-nio-8090-exec-8] DEBUG [com.xunqi.house.biz.mapper.HouseMapper.insert:] http-nio-8090-exec-8cid - ==> Parameters: 0(Integer), (String), 0(Integer), (String), 0(Integer), 0(Integer), 0(Integer), 0.0(Double), (String), (String), (String), (String), 2020-04-08 16:38:49.967(Timestamp), 0(Integer), 0(Integer), (String), 1(Integer)
2020-04-08 16:38:50.003  [http-nio-8090-exec-8] DEBUG [com.xunqi.house.biz.mapper.HouseMapper.insert:] http-nio-8090-exec-8cid - <==    Updates: 1
2020-04-08 16:38:50.006  [http-nio-8090-exec-8] DEBUG [com.xunqi.house.biz.mapper.HouseMapper.selectHouseUser:] http-nio-8090-exec-8cid - ==>  Preparing: SELECT id, house_id, user_id, create_time, type FROM house_user WHERE house_id = ? AND user_id = ? AND type = ? 
2020-04-08 16:38:50.009  [http-nio-8090-exec-8] DEBUG [com.xunqi.house.biz.mapper.HouseMapper.selectHouseUser:] http-nio-8090-exec-8cid - ==> Parameters: 46(Long), 7(Long), 1(Integer)
2020-04-08 16:38:50.012  [http-nio-8090-exec-8] DEBUG [com.xunqi.house.biz.mapper.HouseMapper.selectHouseUser:] http-nio-8090-exec-8cid - <==      Total: 0
2020-04-08 16:38:50.019  [http-nio-8090-exec-8] DEBUG [com.xunqi.house.biz.mapper.HouseMapper.insertHouseUser:] http-nio-8090-exec-8cid - ==>  Preparing: INSERT INTO house_user (house_id, user_id, create_time, type) VALUES ( ?, ?, ?, ? ) 
2020-04-08 16:38:50.021  [http-nio-8090-exec-8] DEBUG [com.xunqi.house.biz.mapper.HouseMapper.insertHouseUser:] http-nio-8090-exec-8cid - ==> Parameters: 46(Long), 7(Long), 2020-04-08 16:38:50.019(Timestamp), 1(Integer)
2020-04-08 16:38:50.024  [http-nio-8090-exec-8] DEBUG [com.xunqi.house.biz.mapper.HouseMapper.insertHouseUser:] http-nio-8090-exec-8cid - <==    Updates: 1
2020-04-08 16:38:52.541  [http-nio-8090-exec-9] DEBUG [com.xunqi.house.biz.mapper.HouseMapper.selectPageHouses:] http-nio-8090-exec-9cid - ==>  Preparing: select a.id, a.type, a.name, a.price, a.images, a.area, a.beds, a.baths, a.rating, a.remarks, a.properties, a.floor_plan, a.tags, a.create_time, a.city_id, a.community_id, a.address, a.state from house a WHERE state = 1 order by a.create_time desc limit ?,? 
2020-04-08 16:38:52.543  [http-nio-8090-exec-9] DEBUG [com.xunqi.house.biz.mapper.HouseMapper.selectPageHouses:] http-nio-8090-exec-9cid - ==> Parameters: 2(Integer), 1(Integer)
2020-04-08 16:38:52.547  [http-nio-8090-exec-9] DEBUG [com.xunqi.house.biz.mapper.HouseMapper.selectPageHouses:] http-nio-8090-exec-9cid - <==      Total: 1
2020-04-08 16:38:52.548  [http-nio-8090-exec-9] DEBUG [com.xunqi.house.biz.mapper.HouseMapper.selectPageCount:] http-nio-8090-exec-9cid - ==>  Preparing: SELECT COUNT(id) FROM house AS a WHERE state = 1 
2020-04-08 16:38:52.549  [http-nio-8090-exec-9] DEBUG [com.xunqi.house.biz.mapper.HouseMapper.selectPageCount:] http-nio-8090-exec-9cid - ==> Parameters: 
2020-04-08 16:38:52.550  [http-nio-8090-exec-9] DEBUG [com.xunqi.house.biz.mapper.HouseMapper.selectPageCount:] http-nio-8090-exec-9cid - <==      Total: 1
2020-04-08 16:39:06.610  [http-nio-8090-exec-1] DEBUG [com.xunqi.house.biz.mapper.HouseMapper.selectPageHouses:] http-nio-8090-exec-1cid - ==>  Preparing: select a.id, a.type, a.name, a.price, a.images, a.area, a.beds, a.baths, a.rating, a.remarks, a.properties, a.floor_plan, a.tags, a.create_time, a.city_id, a.community_id, a.address, a.state from house a WHERE state = 1 order by a.create_time desc limit ?,? 
2020-04-08 16:39:06.613  [http-nio-8090-exec-1] DEBUG [com.xunqi.house.biz.mapper.HouseMapper.selectPageHouses:] http-nio-8090-exec-1cid - ==> Parameters: 1(Integer), 1(Integer)
2020-04-08 16:39:06.614  [http-nio-8090-exec-1] DEBUG [com.xunqi.house.biz.mapper.HouseMapper.selectPageHouses:] http-nio-8090-exec-1cid - <==      Total: 1
2020-04-08 16:39:06.615  [http-nio-8090-exec-1] DEBUG [com.xunqi.house.biz.mapper.HouseMapper.selectPageCount:] http-nio-8090-exec-1cid - ==>  Preparing: SELECT COUNT(id) FROM house AS a WHERE state = 1 
2020-04-08 16:39:06.615  [http-nio-8090-exec-1] DEBUG [com.xunqi.house.biz.mapper.HouseMapper.selectPageCount:] http-nio-8090-exec-1cid - ==> Parameters: 
2020-04-08 16:39:06.617  [http-nio-8090-exec-1] DEBUG [com.xunqi.house.biz.mapper.HouseMapper.selectPageCount:] http-nio-8090-exec-1cid - <==      Total: 1
2020-04-08 16:39:11.435  [http-nio-8090-exec-4] DEBUG [com.xunqi.house.biz.mapper.HouseMapper.selectPageHouses:] http-nio-8090-exec-4cid - ==>  Preparing: select a.id, a.type, a.name, a.price, a.images, a.area, a.beds, a.baths, a.rating, a.remarks, a.properties, a.floor_plan, a.tags, a.create_time, a.city_id, a.community_id, a.address, a.state from house a WHERE state = 1 order by a.create_time desc limit ?,? 
2020-04-08 16:39:11.438  [http-nio-8090-exec-4] DEBUG [com.xunqi.house.biz.mapper.HouseMapper.selectPageHouses:] http-nio-8090-exec-4cid - ==> Parameters: 21(Integer), 1(Integer)
2020-04-08 16:39:11.441  [http-nio-8090-exec-4] DEBUG [com.xunqi.house.biz.mapper.HouseMapper.selectPageHouses:] http-nio-8090-exec-4cid - <==      Total: 1
2020-04-08 16:39:11.442  [http-nio-8090-exec-4] DEBUG [com.xunqi.house.biz.mapper.HouseMapper.selectPageCount:] http-nio-8090-exec-4cid - ==>  Preparing: SELECT COUNT(id) FROM house AS a WHERE state = 1 
2020-04-08 16:39:11.443  [http-nio-8090-exec-4] DEBUG [com.xunqi.house.biz.mapper.HouseMapper.selectPageCount:] http-nio-8090-exec-4cid - ==> Parameters: 
2020-04-08 16:39:11.445  [http-nio-8090-exec-4] DEBUG [com.xunqi.house.biz.mapper.HouseMapper.selectPageCount:] http-nio-8090-exec-4cid - <==      Total: 1
2020-04-08 16:39:20.687  [http-nio-8090-exec-6] DEBUG [com.xunqi.house.biz.mapper.HouseMapper.selectCommunity:] http-nio-8090-exec-6cid - ==>  Preparing: SELECT id, city_code, name, city_name FROM community 
2020-04-08 16:39:20.688  [http-nio-8090-exec-6] DEBUG [com.xunqi.house.biz.mapper.HouseMapper.selectCommunity:] http-nio-8090-exec-6cid - ==> Parameters: 
2020-04-08 16:39:20.692  [http-nio-8090-exec-6] DEBUG [com.xunqi.house.biz.mapper.HouseMapper.selectCommunity:] http-nio-8090-exec-6cid - <==      Total: 7
2020-04-08 16:43:09.008  [http-nio-8090-exec-8] DEBUG [com.xunqi.house.biz.mapper.HouseMapper.insert:] http-nio-8090-exec-8cid - ==>  Preparing: INSERT INTO house( type, name, price, images, area, beds, baths, rating, remarks, properties, floor_plan, tags, create_time, city_id, community_id, address, state ) VALUES ( ?, ?, ?, ?, ?, ?, ?, ?, ?, ?, ?, ?, ?, ?, ?, ?, ? ) 
2020-04-08 16:43:09.074  [http-nio-8090-exec-8] DEBUG [com.xunqi.house.biz.mapper.HouseMapper.insert:] http-nio-8090-exec-8cid - ==> Parameters: 1(Integer), 华尔学府(String), 290(Integer), ,,(String), 300(Integer), 4(Integer), 3(Integer), 0.0(Double), 有钱人住的房子(String), 满五年,采光好,价格合理,税少,学区房,次顶层,落地窗(String), (String), (String), 2020-04-08 16:42:11.624(Timestamp), 1(Integer), 6(Integer), 郴州市北大青鸟(String), 1(Integer)
2020-04-08 16:43:09.092  [http-nio-8090-exec-8] DEBUG [com.xunqi.house.biz.mapper.HouseMapper.insert:] http-nio-8090-exec-8cid - <==    Updates: 1
2020-04-08 16:43:16.260  [http-nio-8090-exec-8] DEBUG [com.xunqi.house.biz.mapper.HouseMapper.selectHouseUser:] http-nio-8090-exec-8cid - ==>  Preparing: SELECT id, house_id, user_id, create_time, type FROM house_user WHERE house_id = ? AND user_id = ? AND type = ? 
2020-04-08 16:43:16.267  [http-nio-8090-exec-8] DEBUG [com.xunqi.house.biz.mapper.HouseMapper.selectHouseUser:] http-nio-8090-exec-8cid - ==> Parameters: 47(Long), 7(Long), 1(Integer)
2020-04-08 16:43:16.278  [http-nio-8090-exec-8] DEBUG [com.xunqi.house.biz.mapper.HouseMapper.selectHouseUser:] http-nio-8090-exec-8cid - <==      Total: 0
2020-04-08 16:43:53.259  [http-nio-8090-exec-8] DEBUG [com.xunqi.house.biz.mapper.HouseMapper.insertHouseUser:] http-nio-8090-exec-8cid - ==>  Preparing: INSERT INTO house_user (house_id, user_id, create_time, type) VALUES ( ?, ?, ?, ? ) 
2020-04-08 16:43:53.270  [http-nio-8090-exec-8] DEBUG [com.xunqi.house.biz.mapper.HouseMapper.insertHouseUser:] http-nio-8090-exec-8cid - ==> Parameters: 47(Long), 7(Long), 2020-04-08 16:43:40.45(Timestamp), 1(Integer)
2020-04-08 16:43:53.273  [http-nio-8090-exec-8] DEBUG [com.xunqi.house.biz.mapper.HouseMapper.insertHouseUser:] http-nio-8090-exec-8cid - <==    Updates: 1
2020-04-08 16:44:01.703  [http-nio-8090-exec-10] DEBUG [com.xunqi.house.biz.mapper.HouseMapper.selectPageHouses:] http-nio-8090-exec-10cid - ==>  Preparing: select a.id, a.type, a.name, a.price, a.images, a.area, a.beds, a.baths, a.rating, a.remarks, a.properties, a.floor_plan, a.tags, a.create_time, a.city_id, a.community_id, a.address, a.state from house a WHERE state = 1 order by a.create_time desc limit ?,? 
2020-04-08 16:44:01.708  [http-nio-8090-exec-10] DEBUG [com.xunqi.house.biz.mapper.HouseMapper.selectPageHouses:] http-nio-8090-exec-10cid - ==> Parameters: 2(Integer), 1(Integer)
2020-04-08 16:44:01.727  [http-nio-8090-exec-10] DEBUG [com.xunqi.house.biz.mapper.HouseMapper.selectPageHouses:] http-nio-8090-exec-10cid - <==      Total: 1
2020-04-08 16:44:01.732  [http-nio-8090-exec-10] DEBUG [com.xunqi.house.biz.mapper.HouseMapper.selectPageCount:] http-nio-8090-exec-10cid - ==>  Preparing: SELECT COUNT(id) FROM house AS a WHERE state = 1 
2020-04-08 16:44:01.733  [http-nio-8090-exec-10] DEBUG [com.xunqi.house.biz.mapper.HouseMapper.selectPageCount:] http-nio-8090-exec-10cid - ==> Parameters: 
2020-04-08 16:44:01.743  [http-nio-8090-exec-10] DEBUG [com.xunqi.house.biz.mapper.HouseMapper.selectPageCount:] http-nio-8090-exec-10cid - <==      Total: 1
2020-04-08 16:44:07.229  [http-nio-8090-exec-4] DEBUG [com.xunqi.house.biz.mapper.HouseMapper.selectPageHouses:] http-nio-8090-exec-4cid - ==>  Preparing: select a.id, a.type, a.name, a.price, a.images, a.area, a.beds, a.baths, a.rating, a.remarks, a.properties, a.floor_plan, a.tags, a.create_time, a.city_id, a.community_id, a.address, a.state from house a WHERE state = 1 order by a.create_time desc limit ?,? 
2020-04-08 16:44:07.231  [http-nio-8090-exec-4] DEBUG [com.xunqi.house.biz.mapper.HouseMapper.selectPageHouses:] http-nio-8090-exec-4cid - ==> Parameters: 0(Integer), 1(Integer)
2020-04-08 16:44:07.240  [http-nio-8090-exec-4] DEBUG [com.xunqi.house.biz.mapper.HouseMapper.selectPageHouses:] http-nio-8090-exec-4cid - <==      Total: 1
2020-04-08 16:44:07.244  [http-nio-8090-exec-4] DEBUG [com.xunqi.house.biz.mapper.HouseMapper.selectPageCount:] http-nio-8090-exec-4cid - ==>  Preparing: SELECT COUNT(id) FROM house AS a WHERE state = 1 
2020-04-08 16:44:07.245  [http-nio-8090-exec-4] DEBUG [com.xunqi.house.biz.mapper.HouseMapper.selectPageCount:] http-nio-8090-exec-4cid - ==> Parameters: 
2020-04-08 16:44:07.247  [http-nio-8090-exec-4] DEBUG [com.xunqi.house.biz.mapper.HouseMapper.selectPageCount:] http-nio-8090-exec-4cid - <==      Total: 1
2020-04-08 16:44:10.966  [http-nio-8090-exec-2] DEBUG [com.xunqi.house.biz.mapper.HouseMapper.selectPageHouses:] http-nio-8090-exec-2cid - ==>  Preparing: select a.id, a.type, a.name, a.price, a.images, a.area, a.beds, a.baths, a.rating, a.remarks, a.properties, a.floor_plan, a.tags, a.create_time, a.city_id, a.community_id, a.address, a.state from house a WHERE state = 1 order by a.create_time desc limit ?,? 
2020-04-08 16:44:10.968  [http-nio-8090-exec-2] DEBUG [com.xunqi.house.biz.mapper.HouseMapper.selectPageHouses:] http-nio-8090-exec-2cid - ==> Parameters: 23(Integer), 1(Integer)
2020-04-08 16:44:10.993  [http-nio-8090-exec-2] DEBUG [com.xunqi.house.biz.mapper.HouseMapper.selectPageHouses:] http-nio-8090-exec-2cid - <==      Total: 1
2020-04-08 16:44:10.995  [http-nio-8090-exec-2] DEBUG [com.xunqi.house.biz.mapper.HouseMapper.selectPageCount:] http-nio-8090-exec-2cid - ==>  Preparing: SELECT COUNT(id) FROM house AS a WHERE state = 1 
2020-04-08 16:44:10.996  [http-nio-8090-exec-2] DEBUG [com.xunqi.house.biz.mapper.HouseMapper.selectPageCount:] http-nio-8090-exec-2cid - ==> Parameters: 
2020-04-08 16:44:10.997  [http-nio-8090-exec-2] DEBUG [com.xunqi.house.biz.mapper.HouseMapper.selectPageCount:] http-nio-8090-exec-2cid - <==      Total: 1
2020-04-08 16:45:08.857  [http-nio-8090-exec-7] DEBUG [com.xunqi.house.biz.mapper.HouseMapper.selectPageHouses:] http-nio-8090-exec-7cid - ==>  Preparing: select a.id, a.type, a.name, a.price, a.images, a.area, a.beds, a.baths, a.rating, a.remarks, a.properties, a.floor_plan, a.tags, a.create_time, a.city_id, a.community_id, a.address, a.state from house a WHERE state = 1 order by a.create_time desc limit ?,? 
2020-04-08 16:45:08.858  [http-nio-8090-exec-7] DEBUG [com.xunqi.house.biz.mapper.HouseMapper.selectPageHouses:] http-nio-8090-exec-7cid - ==> Parameters: 23(Integer), 1(Integer)
2020-04-08 16:45:08.862  [http-nio-8090-exec-7] DEBUG [com.xunqi.house.biz.mapper.HouseMapper.selectPageHouses:] http-nio-8090-exec-7cid - <==      Total: 0
2020-04-08 16:45:08.863  [http-nio-8090-exec-7] DEBUG [com.xunqi.house.biz.mapper.HouseMapper.selectPageCount:] http-nio-8090-exec-7cid - ==>  Preparing: SELECT COUNT(id) FROM house AS a WHERE state = 1 
2020-04-08 16:45:08.863  [http-nio-8090-exec-7] DEBUG [com.xunqi.house.biz.mapper.HouseMapper.selectPageCount:] http-nio-8090-exec-7cid - ==> Parameters: 
2020-04-08 16:45:08.865  [http-nio-8090-exec-7] DEBUG [com.xunqi.house.biz.mapper.HouseMapper.selectPageCount:] http-nio-8090-exec-7cid - <==      Total: 1
2020-04-08 16:45:13.427  [http-nio-8090-exec-10] DEBUG [com.xunqi.house.biz.mapper.HouseMapper.selectPageHouses:] http-nio-8090-exec-10cid - ==>  Preparing: select a.id, a.type, a.name, a.price, a.images, a.area, a.beds, a.baths, a.rating, a.remarks, a.properties, a.floor_plan, a.tags, a.create_time, a.city_id, a.community_id, a.address, a.state from house a WHERE state = 1 order by a.create_time desc limit ?,? 
2020-04-08 16:45:13.430  [http-nio-8090-exec-10] DEBUG [com.xunqi.house.biz.mapper.HouseMapper.selectPageHouses:] http-nio-8090-exec-10cid - ==> Parameters: 22(Integer), 1(Integer)
2020-04-08 16:45:13.440  [http-nio-8090-exec-10] DEBUG [com.xunqi.house.biz.mapper.HouseMapper.selectPageHouses:] http-nio-8090-exec-10cid - <==      Total: 1
2020-04-08 16:45:13.441  [http-nio-8090-exec-10] DEBUG [com.xunqi.house.biz.mapper.HouseMapper.selectPageCount:] http-nio-8090-exec-10cid - ==>  Preparing: SELECT COUNT(id) FROM house AS a WHERE state = 1 
2020-04-08 16:45:13.441  [http-nio-8090-exec-10] DEBUG [com.xunqi.house.biz.mapper.HouseMapper.selectPageCount:] http-nio-8090-exec-10cid - ==> Parameters: 
2020-04-08 16:45:13.443  [http-nio-8090-exec-10] DEBUG [com.xunqi.house.biz.mapper.HouseMapper.selectPageCount:] http-nio-8090-exec-10cid - <==      Total: 1
2020-04-08 16:45:15.751  [http-nio-8090-exec-3] DEBUG [com.xunqi.house.biz.mapper.HouseMapper.selectPageHouses:] http-nio-8090-exec-3cid - ==>  Preparing: select a.id, a.type, a.name, a.price, a.images, a.area, a.beds, a.baths, a.rating, a.remarks, a.properties, a.floor_plan, a.tags, a.create_time, a.city_id, a.community_id, a.address, a.state from house a WHERE state = 1 order by a.create_time desc limit ?,? 
2020-04-08 16:45:15.752  [http-nio-8090-exec-3] DEBUG [com.xunqi.house.biz.mapper.HouseMapper.selectPageHouses:] http-nio-8090-exec-3cid - ==> Parameters: 7(Integer), 1(Integer)
2020-04-08 16:45:15.756  [http-nio-8090-exec-3] DEBUG [com.xunqi.house.biz.mapper.HouseMapper.selectPageHouses:] http-nio-8090-exec-3cid - <==      Total: 1
2020-04-08 16:45:15.757  [http-nio-8090-exec-3] DEBUG [com.xunqi.house.biz.mapper.HouseMapper.selectPageCount:] http-nio-8090-exec-3cid - ==>  Preparing: SELECT COUNT(id) FROM house AS a WHERE state = 1 
2020-04-08 16:45:15.757  [http-nio-8090-exec-3] DEBUG [com.xunqi.house.biz.mapper.HouseMapper.selectPageCount:] http-nio-8090-exec-3cid - ==> Parameters: 
2020-04-08 16:45:15.758  [http-nio-8090-exec-3] DEBUG [com.xunqi.house.biz.mapper.HouseMapper.selectPageCount:] http-nio-8090-exec-3cid - <==      Total: 1
2020-04-08 16:45:19.690  [http-nio-8090-exec-6] DEBUG [com.xunqi.house.biz.mapper.HouseMapper.selectPageHouses:] http-nio-8090-exec-6cid - ==>  Preparing: select a.id, a.type, a.name, a.price, a.images, a.area, a.beds, a.baths, a.rating, a.remarks, a.properties, a.floor_plan, a.tags, a.create_time, a.city_id, a.community_id, a.address, a.state from house a WHERE state = 1 order by a.create_time desc limit ?,? 
2020-04-08 16:45:19.692  [http-nio-8090-exec-6] DEBUG [com.xunqi.house.biz.mapper.HouseMapper.selectPageHouses:] http-nio-8090-exec-6cid - ==> Parameters: 2(Integer), 1(Integer)
2020-04-08 16:45:19.695  [http-nio-8090-exec-6] DEBUG [com.xunqi.house.biz.mapper.HouseMapper.selectPageHouses:] http-nio-8090-exec-6cid - <==      Total: 1
2020-04-08 16:45:19.697  [http-nio-8090-exec-6] DEBUG [com.xunqi.house.biz.mapper.HouseMapper.selectPageCount:] http-nio-8090-exec-6cid - ==>  Preparing: SELECT COUNT(id) FROM house AS a WHERE state = 1 
2020-04-08 16:45:19.697  [http-nio-8090-exec-6] DEBUG [com.xunqi.house.biz.mapper.HouseMapper.selectPageCount:] http-nio-8090-exec-6cid - ==> Parameters: 
2020-04-08 16:45:19.698  [http-nio-8090-exec-6] DEBUG [com.xunqi.house.biz.mapper.HouseMapper.selectPageCount:] http-nio-8090-exec-6cid - <==      Total: 1
2020-04-08 16:45:22.743  [http-nio-8090-exec-8] DEBUG [com.xunqi.house.biz.mapper.HouseMapper.selectPageHouses:] http-nio-8090-exec-8cid - ==>  Preparing: select a.id, a.type, a.name, a.price, a.images, a.area, a.beds, a.baths, a.rating, a.remarks, a.properties, a.floor_plan, a.tags, a.create_time, a.city_id, a.community_id, a.address, a.state from house a WHERE state = 1 order by a.create_time desc limit ?,? 
2020-04-08 16:45:22.745  [http-nio-8090-exec-8] DEBUG [com.xunqi.house.biz.mapper.HouseMapper.selectPageHouses:] http-nio-8090-exec-8cid - ==> Parameters: 2(Integer), 1(Integer)
2020-04-08 16:45:22.750  [http-nio-8090-exec-8] DEBUG [com.xunqi.house.biz.mapper.HouseMapper.selectPageHouses:] http-nio-8090-exec-8cid - <==      Total: 1
2020-04-08 16:45:22.751  [http-nio-8090-exec-8] DEBUG [com.xunqi.house.biz.mapper.HouseMapper.selectPageCount:] http-nio-8090-exec-8cid - ==>  Preparing: SELECT COUNT(id) FROM house AS a WHERE state = 1 
2020-04-08 16:45:22.751  [http-nio-8090-exec-8] DEBUG [com.xunqi.house.biz.mapper.HouseMapper.selectPageCount:] http-nio-8090-exec-8cid - ==> Parameters: 
2020-04-08 16:45:22.752  [http-nio-8090-exec-8] DEBUG [com.xunqi.house.biz.mapper.HouseMapper.selectPageCount:] http-nio-8090-exec-8cid - <==      Total: 1
2020-04-08 16:45:27.839  [http-nio-8090-exec-4] DEBUG [com.xunqi.house.biz.mapper.HouseMapper.selectPageHouses:] http-nio-8090-exec-4cid - ==>  Preparing: select a.id, a.type, a.name, a.price, a.images, a.area, a.beds, a.baths, a.rating, a.remarks, a.properties, a.floor_plan, a.tags, a.create_time, a.city_id, a.community_id, a.address, a.state from house a WHERE state = 1 order by a.create_time desc limit ?,? 
2020-04-08 16:45:27.839  [http-nio-8090-exec-4] DEBUG [com.xunqi.house.biz.mapper.HouseMapper.selectPageHouses:] http-nio-8090-exec-4cid - ==> Parameters: 0(Integer), 5(Integer)
2020-04-08 16:45:27.845  [http-nio-8090-exec-4] DEBUG [com.xunqi.house.biz.mapper.HouseMapper.selectPageHouses:] http-nio-8090-exec-4cid - <==      Total: 5
2020-04-08 16:45:27.848  [http-nio-8090-exec-4] DEBUG [com.xunqi.house.biz.mapper.HouseMapper.selectPageCount:] http-nio-8090-exec-4cid - ==>  Preparing: SELECT COUNT(id) FROM house AS a WHERE state = 1 
2020-04-08 16:45:27.850  [http-nio-8090-exec-4] DEBUG [com.xunqi.house.biz.mapper.HouseMapper.selectPageCount:] http-nio-8090-exec-4cid - ==> Parameters: 
2020-04-08 16:45:27.851  [http-nio-8090-exec-4] DEBUG [com.xunqi.house.biz.mapper.HouseMapper.selectPageCount:] http-nio-8090-exec-4cid - <==      Total: 1
2020-04-08 16:45:43.207  [http-nio-8090-exec-6] DEBUG [com.xunqi.house.biz.mapper.HouseMapper.selectPageHouses:] http-nio-8090-exec-6cid - ==>  Preparing: select a.id, a.type, a.name, a.price, a.images, a.area, a.beds, a.baths, a.rating, a.remarks, a.properties, a.floor_plan, a.tags, a.create_time, a.city_id, a.community_id, a.address, a.state from house a WHERE state = 1 and a.id = ? order by a.create_time desc limit ?,? 
2020-04-08 16:45:43.219  [http-nio-8090-exec-6] DEBUG [com.xunqi.house.biz.mapper.HouseMapper.selectPageHouses:] http-nio-8090-exec-6cid - ==> Parameters: 47(Long), 0(Integer), 1(Integer)
2020-04-08 16:45:43.246  [http-nio-8090-exec-6] DEBUG [com.xunqi.house.biz.mapper.HouseMapper.selectPageHouses:] http-nio-8090-exec-6cid - <==      Total: 1
2020-04-08 16:45:43.275  [http-nio-8090-exec-6] DEBUG [com.xunqi.house.biz.mapper.HouseMapper.selectSaleHouseUser:] http-nio-8090-exec-6cid - ==>  Preparing: SELECT id,house_id,user_id,create_time,type FROM house_user WHERE house_id = ? AND type = 1 LIMIT 1 
2020-04-08 16:45:43.277  [http-nio-8090-exec-6] DEBUG [com.xunqi.house.biz.mapper.HouseMapper.selectSaleHouseUser:] http-nio-8090-exec-6cid - ==> Parameters: 47(Long)
2020-04-08 16:45:43.317  [http-nio-8090-exec-6] DEBUG [com.xunqi.house.biz.mapper.HouseMapper.selectSaleHouseUser:] http-nio-8090-exec-6cid - <==      Total: 1
2020-04-08 16:45:43.372  [http-nio-8090-exec-6] DEBUG [com.xunqi.house.biz.mapper.AgencyMapper.selectAgent:] http-nio-8090-exec-6cid - ==>  Preparing: SELECT id, name, phone, email, aboutme, passwd, avatar, type, create_time, enable, agency_id FROM user WHERE enable = 1 and type = 2 AND id = ? ORDER BY id DESC LIMIT ?, ? 
2020-04-08 16:45:43.374  [http-nio-8090-exec-6] DEBUG [com.xunqi.house.biz.mapper.AgencyMapper.selectAgent:] http-nio-8090-exec-6cid - ==> Parameters: 7(Long), 0(Integer), 1(Integer)
2020-04-08 16:45:43.391  [http-nio-8090-exec-6] DEBUG [com.xunqi.house.biz.mapper.AgencyMapper.selectAgent:] http-nio-8090-exec-6cid - <==      Total: 1
2020-04-08 16:51:00.788  [http-nio-8090-exec-1] DEBUG [com.xunqi.house.biz.mapper.HouseMapper.selectPageHouses:] http-nio-8090-exec-1cid - ==>  Preparing: select a.id, a.type, a.name, a.price, a.images, a.area, a.beds, a.baths, a.rating, a.remarks, a.properties, a.floor_plan, a.tags, a.create_time, a.city_id, a.community_id, a.address, a.state from house a WHERE state = 1 and a.id = ? order by a.create_time desc limit ?,? 
2020-04-08 16:51:00.845  [http-nio-8090-exec-1] DEBUG [com.xunqi.house.biz.mapper.HouseMapper.selectPageHouses:] http-nio-8090-exec-1cid - ==> Parameters: 47(Long), 0(Integer), 1(Integer)
2020-04-08 16:51:00.940  [http-nio-8090-exec-1] DEBUG [com.xunqi.house.biz.mapper.HouseMapper.selectPageHouses:] http-nio-8090-exec-1cid - <==      Total: 1
2020-04-08 16:51:00.957  [http-nio-8090-exec-1] DEBUG [com.xunqi.house.biz.mapper.HouseMapper.selectSaleHouseUser:] http-nio-8090-exec-1cid - ==>  Preparing: SELECT id,house_id,user_id,create_time,type FROM house_user WHERE house_id = ? AND type = 1 LIMIT 1 
2020-04-08 16:51:00.957  [http-nio-8090-exec-1] DEBUG [com.xunqi.house.biz.mapper.HouseMapper.selectSaleHouseUser:] http-nio-8090-exec-1cid - ==> Parameters: 47(Long)
2020-04-08 16:51:00.964  [http-nio-8090-exec-1] DEBUG [com.xunqi.house.biz.mapper.HouseMapper.selectSaleHouseUser:] http-nio-8090-exec-1cid - <==      Total: 1
2020-04-08 16:51:01.003  [http-nio-8090-exec-1] DEBUG [com.xunqi.house.biz.mapper.AgencyMapper.selectAgent:] http-nio-8090-exec-1cid - ==>  Preparing: SELECT id, name, phone, email, aboutme, passwd, avatar, type, create_time, enable, agency_id FROM user WHERE enable = 1 and type = 2 AND id = ? ORDER BY id DESC LIMIT ?, ? 
2020-04-08 16:51:01.004  [http-nio-8090-exec-1] DEBUG [com.xunqi.house.biz.mapper.AgencyMapper.selectAgent:] http-nio-8090-exec-1cid - ==> Parameters: 7(Long), 0(Integer), 1(Integer)
2020-04-08 16:51:01.010  [http-nio-8090-exec-1] DEBUG [com.xunqi.house.biz.mapper.AgencyMapper.selectAgent:] http-nio-8090-exec-1cid - <==      Total: 1
2020-04-08 16:51:24.508  [http-nio-8090-exec-3] DEBUG [com.xunqi.house.biz.mapper.UserMapper.selectUserByQuery:] http-nio-8090-exec-3cid - ==>  Preparing: select * from user WHERE email = ? and passwd = ? and enable = ? 
2020-04-08 16:51:24.511  [http-nio-8090-exec-3] DEBUG [com.xunqi.house.biz.mapper.UserMapper.selectUserByQuery:] http-nio-8090-exec-3cid - ==> Parameters: hjl1468041654@163.com(String), 2f0610b8f15080987293497c68d4d9f5(String), 1(Integer)
2020-04-08 16:51:24.515  [http-nio-8090-exec-3] DEBUG [com.xunqi.house.biz.mapper.UserMapper.selectUserByQuery:] http-nio-8090-exec-3cid - <==      Total: 1
2020-04-08 16:51:30.074  [http-nio-8090-exec-4] DEBUG [com.xunqi.house.biz.mapper.HouseMapper.selectCommunity:] http-nio-8090-exec-4cid - ==>  Preparing: SELECT id, city_code, name, city_name FROM community 
2020-04-08 16:51:30.075  [http-nio-8090-exec-4] DEBUG [com.xunqi.house.biz.mapper.HouseMapper.selectCommunity:] http-nio-8090-exec-4cid - ==> Parameters: 
2020-04-08 16:51:30.089  [http-nio-8090-exec-4] DEBUG [com.xunqi.house.biz.mapper.HouseMapper.selectCommunity:] http-nio-8090-exec-4cid - <==      Total: 7
2020-04-08 16:57:48.232  [http-nio-8090-exec-7] DEBUG [com.xunqi.house.biz.mapper.HouseMapper.insert:] http-nio-8090-exec-7cid - ==>  Preparing: INSERT INTO house( type, name, price, images, area, beds, baths, rating, remarks, properties, floor_plan, tags, create_time, city_id, community_id, address, state ) VALUES ( ?, ?, ?, ?, ?, ?, ?, ?, ?, ?, ?, ?, ?, ?, ?, ?, ? ) 
2020-04-08 16:57:48.468  [http-nio-8090-exec-7] DEBUG [com.xunqi.house.biz.mapper.HouseMapper.insert:] http-nio-8090-exec-7cid - ==> Parameters: 2(Integer), 北京现代三合院(String), 800(Integer), ,,(String), 500(Integer), 4(Integer), 4(Integer), 0.0(Double), 古老而又神秘(String), 环境好,带阳台,得房率高,临地铁,户型好,落地窗,精装修(String), (String), (String), 2020-04-08 16:57:48.109(Timestamp), 1(Integer), 2(Integer), 北京市一环(String), 1(Integer)
2020-04-08 16:57:48.547  [http-nio-8090-exec-7] DEBUG [com.xunqi.house.biz.mapper.HouseMapper.insert:] http-nio-8090-exec-7cid - <==    Updates: 1
2020-04-08 16:57:49.717  [http-nio-8090-exec-7] DEBUG [com.xunqi.house.biz.mapper.HouseMapper.selectHouseUser:] http-nio-8090-exec-7cid - ==>  Preparing: SELECT id, house_id, user_id, create_time, type FROM house_user WHERE house_id = ? AND user_id = ? AND type = ? 
2020-04-08 16:57:49.722  [http-nio-8090-exec-7] DEBUG [com.xunqi.house.biz.mapper.HouseMapper.selectHouseUser:] http-nio-8090-exec-7cid - ==> Parameters: 48(Long), 7(Long), 1(Integer)
2020-04-08 16:57:49.737  [http-nio-8090-exec-7] DEBUG [com.xunqi.house.biz.mapper.HouseMapper.selectHouseUser:] http-nio-8090-exec-7cid - <==      Total: 0
2020-04-08 16:57:49.771  [http-nio-8090-exec-7] DEBUG [com.xunqi.house.biz.mapper.HouseMapper.insertHouseUser:] http-nio-8090-exec-7cid - ==>  Preparing: INSERT INTO house_user (house_id, user_id, create_time, type) VALUES ( ?, ?, ?, ? ) 
2020-04-08 16:57:49.779  [http-nio-8090-exec-7] DEBUG [com.xunqi.house.biz.mapper.HouseMapper.insertHouseUser:] http-nio-8090-exec-7cid - ==> Parameters: 48(Long), 7(Long), 2020-04-08 16:57:49.769(Timestamp), 1(Integer)
2020-04-08 16:57:49.790  [http-nio-8090-exec-7] DEBUG [com.xunqi.house.biz.mapper.HouseMapper.insertHouseUser:] http-nio-8090-exec-7cid - <==    Updates: 1
2020-04-08 16:57:50.480  [http-nio-8090-exec-10] DEBUG [com.xunqi.house.biz.mapper.HouseMapper.selectPageHouses:] http-nio-8090-exec-10cid - ==>  Preparing: select a.id, a.type, a.name, a.price, a.images, a.area, a.beds, a.baths, a.rating, a.remarks, a.properties, a.floor_plan, a.tags, a.create_time, a.city_id, a.community_id, a.address, a.state from house a WHERE state = 1 order by a.create_time desc limit ?,? 
2020-04-08 16:57:50.486  [http-nio-8090-exec-10] DEBUG [com.xunqi.house.biz.mapper.HouseMapper.selectPageHouses:] http-nio-8090-exec-10cid - ==> Parameters: 2(Integer), 1(Integer)
2020-04-08 16:57:50.519  [http-nio-8090-exec-10] DEBUG [com.xunqi.house.biz.mapper.HouseMapper.selectPageHouses:] http-nio-8090-exec-10cid - <==      Total: 1
2020-04-08 16:57:50.531  [http-nio-8090-exec-10] DEBUG [com.xunqi.house.biz.mapper.HouseMapper.selectPageCount:] http-nio-8090-exec-10cid - ==>  Preparing: SELECT COUNT(id) FROM house AS a WHERE state = 1 
2020-04-08 16:57:50.562  [http-nio-8090-exec-10] DEBUG [com.xunqi.house.biz.mapper.HouseMapper.selectPageCount:] http-nio-8090-exec-10cid - ==> Parameters: 
2020-04-08 16:57:50.579  [http-nio-8090-exec-10] DEBUG [com.xunqi.house.biz.mapper.HouseMapper.selectPageCount:] http-nio-8090-exec-10cid - <==      Total: 1
2020-04-08 16:59:50.355  [http-nio-8090-exec-4] DEBUG [com.xunqi.house.biz.mapper.UserMapper.selectUserByQuery:] http-nio-8090-exec-4cid - ==>  Preparing: select * from user WHERE email = ? and passwd = ? and enable = ? 
2020-04-08 16:59:50.383  [http-nio-8090-exec-4] DEBUG [com.xunqi.house.biz.mapper.UserMapper.selectUserByQuery:] http-nio-8090-exec-4cid - ==> Parameters: hjl1468041654@163.com(String), 2f0610b8f15080987293497c68d4d9f5(String), 1(Integer)
2020-04-08 16:59:50.419  [http-nio-8090-exec-4] DEBUG [com.xunqi.house.biz.mapper.UserMapper.selectUserByQuery:] http-nio-8090-exec-4cid - <==      Total: 1
2020-04-08 16:59:54.263  [http-nio-8090-exec-9] DEBUG [com.xunqi.house.biz.mapper.HouseMapper.selectCommunity:] http-nio-8090-exec-9cid - ==>  Preparing: SELECT id, city_code, name, city_name FROM community 
2020-04-08 16:59:54.265  [http-nio-8090-exec-9] DEBUG [com.xunqi.house.biz.mapper.HouseMapper.selectCommunity:] http-nio-8090-exec-9cid - ==> Parameters: 
2020-04-08 16:59:54.273  [http-nio-8090-exec-9] DEBUG [com.xunqi.house.biz.mapper.HouseMapper.selectCommunity:] http-nio-8090-exec-9cid - <==      Total: 7
