2020-04-08 17:03:54.707  [http-nio-8090-exec-5] DEBUG [com.xunqi.house.biz.mapper.UserMapper.selectUserByQuery:] http-nio-8090-exec-5cid - ==>  Preparing: select * from user WHERE email = ? and passwd = ? and enable = ? 
2020-04-08 17:03:54.746  [http-nio-8090-exec-5] DEBUG [com.xunqi.house.biz.mapper.UserMapper.selectUserByQuery:] http-nio-8090-exec-5cid - ==> Parameters: hjl1468041654@163.com(String), 2f0610b8f15080987293497c68d4d9f5(String), 1(Integer)
2020-04-08 17:03:54.760  [http-nio-8090-exec-5] DEBUG [com.xunqi.house.biz.mapper.UserMapper.selectUserByQuery:] http-nio-8090-exec-5cid - <==      Total: 1
2020-04-08 17:03:57.760  [http-nio-8090-exec-9] DEBUG [com.xunqi.house.biz.mapper.HouseMapper.selectCommunity:] http-nio-8090-exec-9cid - ==>  Preparing: SELECT id, city_code, name, city_name FROM community 
2020-04-08 17:03:57.768  [http-nio-8090-exec-9] DEBUG [com.xunqi.house.biz.mapper.HouseMapper.selectCommunity:] http-nio-8090-exec-9cid - ==> Parameters: 
2020-04-08 17:03:57.773  [http-nio-8090-exec-9] DEBUG [com.xunqi.house.biz.mapper.HouseMapper.selectCommunity:] http-nio-8090-exec-9cid - <==      Total: 7
2020-04-08 17:06:28.998  [http-nio-8090-exec-2] DEBUG [com.xunqi.house.biz.mapper.HouseMapper.insert:] http-nio-8090-exec-2cid - ==>  Preparing: INSERT INTO house( type, name, price, images, area, beds, baths, rating, remarks, properties, floor_plan, tags, create_time, city_id, community_id, address, state ) VALUES ( ?, ?, ?, ?, ?, ?, ?, ?, ?, ?, ?, ?, ?, ?, ?, ?, ? ) 
2020-04-08 17:06:29.144  [http-nio-8090-exec-2] DEBUG [com.xunqi.house.biz.mapper.HouseMapper.insert:] http-nio-8090-exec-2cid - ==> Parameters: 1(Integer), 北京现代三合院(String), 300(Integer), (String), 500(Integer), 4(Integer), 4(Integer), 0.0(Double), 神秘而又古老(String), 满五年,采光好,价格合理,税少(String), (String), (String), 2020-04-08 17:06:28.888(Timestamp), 1(Integer), 2(Integer), 北京市海淀区(String), 1(Integer)
2020-04-08 17:06:29.163  [http-nio-8090-exec-2] DEBUG [com.xunqi.house.biz.mapper.HouseMapper.insert:] http-nio-8090-exec-2cid - <==    Updates: 1
2020-04-08 17:06:30.189  [http-nio-8090-exec-2] DEBUG [com.xunqi.house.biz.mapper.HouseMapper.selectHouseUser:] http-nio-8090-exec-2cid - ==>  Preparing: SELECT id, house_id, user_id, create_time, type FROM house_user WHERE house_id = ? AND user_id = ? AND type = ? 
2020-04-08 17:06:30.196  [http-nio-8090-exec-2] DEBUG [com.xunqi.house.biz.mapper.HouseMapper.selectHouseUser:] http-nio-8090-exec-2cid - ==> Parameters: 50(Long), 7(Long), 1(Integer)
2020-04-08 17:06:30.221  [http-nio-8090-exec-2] DEBUG [com.xunqi.house.biz.mapper.HouseMapper.selectHouseUser:] http-nio-8090-exec-2cid - <==      Total: 0
2020-04-08 17:06:30.239  [http-nio-8090-exec-2] DEBUG [com.xunqi.house.biz.mapper.HouseMapper.insertHouseUser:] http-nio-8090-exec-2cid - ==>  Preparing: INSERT INTO house_user (house_id, user_id, create_time, type) VALUES ( ?, ?, ?, ? ) 
2020-04-08 17:06:30.240  [http-nio-8090-exec-2] DEBUG [com.xunqi.house.biz.mapper.HouseMapper.insertHouseUser:] http-nio-8090-exec-2cid - ==> Parameters: 50(Long), 7(Long), 2020-04-08 17:06:30.238(Timestamp), 1(Integer)
2020-04-08 17:06:30.243  [http-nio-8090-exec-2] DEBUG [com.xunqi.house.biz.mapper.HouseMapper.insertHouseUser:] http-nio-8090-exec-2cid - <==    Updates: 1
2020-04-08 17:06:30.995  [http-nio-8090-exec-3] DEBUG [com.xunqi.house.biz.mapper.HouseMapper.selectPageHouses:] http-nio-8090-exec-3cid - ==>  Preparing: select a.id, a.type, a.name, a.price, a.images, a.area, a.beds, a.baths, a.rating, a.remarks, a.properties, a.floor_plan, a.tags, a.create_time, a.city_id, a.community_id, a.address, a.state from house a WHERE state = 1 order by a.create_time desc limit ?,? 
2020-04-08 17:06:31.036  [http-nio-8090-exec-3] DEBUG [com.xunqi.house.biz.mapper.HouseMapper.selectPageHouses:] http-nio-8090-exec-3cid - ==> Parameters: 2(Integer), 1(Integer)
2020-04-08 17:06:31.123  [http-nio-8090-exec-3] DEBUG [com.xunqi.house.biz.mapper.HouseMapper.selectPageHouses:] http-nio-8090-exec-3cid - <==      Total: 1
2020-04-08 17:06:31.204  [http-nio-8090-exec-3] DEBUG [com.xunqi.house.biz.mapper.HouseMapper.selectPageCount:] http-nio-8090-exec-3cid - ==>  Preparing: SELECT COUNT(id) FROM house AS a WHERE state = 1 
2020-04-08 17:06:31.231  [http-nio-8090-exec-3] DEBUG [com.xunqi.house.biz.mapper.HouseMapper.selectPageCount:] http-nio-8090-exec-3cid - ==> Parameters: 
2020-04-08 17:06:31.241  [http-nio-8090-exec-3] DEBUG [com.xunqi.house.biz.mapper.HouseMapper.selectPageCount:] http-nio-8090-exec-3cid - <==      Total: 1
2020-04-08 17:19:48.528  [http-nio-8090-exec-1] DEBUG [com.xunqi.house.biz.mapper.HouseMapper.selectPageHouses:] http-nio-8090-exec-1cid - ==>  Preparing: select a.id, a.type, a.name, a.price, a.images, a.area, a.beds, a.baths, a.rating, a.remarks, a.properties, a.floor_plan, a.tags, a.create_time, a.city_id, a.community_id, a.address, a.state from house a WHERE state = 1 order by a.create_time desc limit ?,? 
2020-04-08 17:19:48.559  [http-nio-8090-exec-1] DEBUG [com.xunqi.house.biz.mapper.HouseMapper.selectPageHouses:] http-nio-8090-exec-1cid - ==> Parameters: 0(Integer), 5(Integer)
2020-04-08 17:19:48.621  [http-nio-8090-exec-1] DEBUG [com.xunqi.house.biz.mapper.HouseMapper.selectPageHouses:] http-nio-8090-exec-1cid - <==      Total: 5
2020-04-08 17:19:48.639  [http-nio-8090-exec-1] DEBUG [com.xunqi.house.biz.mapper.HouseMapper.selectPageCount:] http-nio-8090-exec-1cid - ==>  Preparing: SELECT COUNT(id) FROM house AS a WHERE state = 1 
2020-04-08 17:19:48.643  [http-nio-8090-exec-1] DEBUG [com.xunqi.house.biz.mapper.HouseMapper.selectPageCount:] http-nio-8090-exec-1cid - ==> Parameters: 
2020-04-08 17:19:48.646  [http-nio-8090-exec-1] DEBUG [com.xunqi.house.biz.mapper.HouseMapper.selectPageCount:] http-nio-8090-exec-1cid - <==      Total: 1
2020-04-08 17:20:07.622  [http-nio-8090-exec-8] DEBUG [com.xunqi.house.biz.mapper.UserMapper.selectUserByQuery:] http-nio-8090-exec-8cid - ==>  Preparing: select * from user WHERE email = ? and passwd = ? and enable = ? 
2020-04-08 17:20:07.624  [http-nio-8090-exec-8] DEBUG [com.xunqi.house.biz.mapper.UserMapper.selectUserByQuery:] http-nio-8090-exec-8cid - ==> Parameters: hjl1468041654@163.com(String), 2f0610b8f15080987293497c68d4d9f5(String), 1(Integer)
2020-04-08 17:20:07.636  [http-nio-8090-exec-8] DEBUG [com.xunqi.house.biz.mapper.UserMapper.selectUserByQuery:] http-nio-8090-exec-8cid - <==      Total: 1
2020-04-08 17:22:05.914  [http-nio-8090-exec-2] DEBUG [com.xunqi.house.biz.mapper.HouseMapper.selectPageHouses:] http-nio-8090-exec-2cid - ==>  Preparing: select a.id, a.type, a.name, a.price, a.images, a.area, a.beds, a.baths, a.rating, a.remarks, a.properties, a.floor_plan, a.tags, a.create_time, a.city_id, a.community_id, a.address, a.state from house a WHERE state = 1 and a.type = ? order by a.create_time desc limit ?,? 
2020-04-08 17:22:05.916  [http-nio-8090-exec-2] DEBUG [com.xunqi.house.biz.mapper.HouseMapper.selectPageHouses:] http-nio-8090-exec-2cid - ==> Parameters: 2(Integer), 0(Integer), 5(Integer)
2020-04-08 17:22:05.920  [http-nio-8090-exec-2] DEBUG [com.xunqi.house.biz.mapper.HouseMapper.selectPageHouses:] http-nio-8090-exec-2cid - <==      Total: 1
2020-04-08 17:22:05.920  [http-nio-8090-exec-2] DEBUG [com.xunqi.house.biz.mapper.HouseMapper.selectPageCount:] http-nio-8090-exec-2cid - ==>  Preparing: SELECT COUNT(id) FROM house AS a WHERE state = 1 and a.type = ? 
2020-04-08 17:22:05.921  [http-nio-8090-exec-2] DEBUG [com.xunqi.house.biz.mapper.HouseMapper.selectPageCount:] http-nio-8090-exec-2cid - ==> Parameters: 2(Integer)
2020-04-08 17:22:05.922  [http-nio-8090-exec-2] DEBUG [com.xunqi.house.biz.mapper.HouseMapper.selectPageCount:] http-nio-8090-exec-2cid - <==      Total: 1
2020-04-08 17:22:25.195  [http-nio-8090-exec-5] DEBUG [com.xunqi.house.biz.mapper.HouseMapper.selectCommunity:] http-nio-8090-exec-5cid - ==>  Preparing: SELECT id, city_code, name, city_name FROM community 
2020-04-08 17:22:25.195  [http-nio-8090-exec-5] DEBUG [com.xunqi.house.biz.mapper.HouseMapper.selectCommunity:] http-nio-8090-exec-5cid - ==> Parameters: 
2020-04-08 17:22:25.212  [http-nio-8090-exec-5] DEBUG [com.xunqi.house.biz.mapper.HouseMapper.selectCommunity:] http-nio-8090-exec-5cid - <==      Total: 7
2020-04-08 17:28:37.439  [http-nio-8090-exec-8] DEBUG [com.xunqi.house.biz.mapper.HouseMapper.insert:] http-nio-8090-exec-8cid - ==>  Preparing: INSERT INTO house( type, name, price, images, area, beds, baths, rating, remarks, properties, floor_plan, tags, create_time, city_id, community_id, address, state ) VALUES ( ?, ?, ?, ?, ?, ?, ?, ?, ?, ?, ?, ?, ?, ?, ?, ?, ? ) 
2020-04-08 17:28:37.501  [http-nio-8090-exec-8] DEBUG [com.xunqi.house.biz.mapper.HouseMapper.insert:] http-nio-8090-exec-8cid - ==> Parameters: 1(Integer), 北京现代三合院(String), 300(Integer), ,,(String), 500(Integer), 4(Integer), 4(Integer), 0.0(Double), dasdasd(String), 满五年(String), (String), (String), 2020-04-08 17:28:37.422(Timestamp), 1(Integer), 1(Integer), 北京市海淀区(String), 1(Integer)
2020-04-08 17:28:37.548  [http-nio-8090-exec-8] DEBUG [com.xunqi.house.biz.mapper.HouseMapper.insert:] http-nio-8090-exec-8cid - <==    Updates: 1
2020-04-08 17:28:41.852  [http-nio-8090-exec-8] DEBUG [com.xunqi.house.biz.mapper.HouseMapper.selectHouseUser:] http-nio-8090-exec-8cid - ==>  Preparing: SELECT id, house_id, user_id, create_time, type FROM house_user WHERE house_id = ? AND user_id = ? AND type = ? 
2020-04-08 17:28:41.866  [http-nio-8090-exec-8] DEBUG [com.xunqi.house.biz.mapper.HouseMapper.selectHouseUser:] http-nio-8090-exec-8cid - ==> Parameters: 51(Long), 7(Long), 1(Integer)
2020-04-08 17:28:41.885  [http-nio-8090-exec-8] DEBUG [com.xunqi.house.biz.mapper.HouseMapper.selectHouseUser:] http-nio-8090-exec-8cid - <==      Total: 0
2020-04-08 17:28:41.922  [http-nio-8090-exec-8] DEBUG [com.xunqi.house.biz.mapper.HouseMapper.insertHouseUser:] http-nio-8090-exec-8cid - ==>  Preparing: INSERT INTO house_user (house_id, user_id, create_time, type) VALUES ( ?, ?, ?, ? ) 
2020-04-08 17:28:41.924  [http-nio-8090-exec-8] DEBUG [com.xunqi.house.biz.mapper.HouseMapper.insertHouseUser:] http-nio-8090-exec-8cid - ==> Parameters: 51(Long), 7(Long), 2020-04-08 17:28:41.922(Timestamp), 1(Integer)
2020-04-08 17:28:41.935  [http-nio-8090-exec-8] DEBUG [com.xunqi.house.biz.mapper.HouseMapper.insertHouseUser:] http-nio-8090-exec-8cid - <==    Updates: 1
2020-04-08 17:28:42.597  [http-nio-8090-exec-1] DEBUG [com.xunqi.house.biz.mapper.HouseMapper.selectPageHouses:] http-nio-8090-exec-1cid - ==>  Preparing: select a.id, a.type, a.name, a.price, a.images, a.area, a.beds, a.baths, a.rating, a.remarks, a.properties, a.floor_plan, a.tags, a.create_time, a.city_id, a.community_id, a.address, a.state from house a WHERE state = 1 order by a.create_time desc limit ?,? 
2020-04-08 17:28:42.601  [http-nio-8090-exec-1] DEBUG [com.xunqi.house.biz.mapper.HouseMapper.selectPageHouses:] http-nio-8090-exec-1cid - ==> Parameters: 2(Integer), 1(Integer)
2020-04-08 17:28:42.610  [http-nio-8090-exec-1] DEBUG [com.xunqi.house.biz.mapper.HouseMapper.selectPageHouses:] http-nio-8090-exec-1cid - <==      Total: 1
2020-04-08 17:28:42.614  [http-nio-8090-exec-1] DEBUG [com.xunqi.house.biz.mapper.HouseMapper.selectPageCount:] http-nio-8090-exec-1cid - ==>  Preparing: SELECT COUNT(id) FROM house AS a WHERE state = 1 
2020-04-08 17:28:42.615  [http-nio-8090-exec-1] DEBUG [com.xunqi.house.biz.mapper.HouseMapper.selectPageCount:] http-nio-8090-exec-1cid - ==> Parameters: 
2020-04-08 17:28:42.617  [http-nio-8090-exec-1] DEBUG [com.xunqi.house.biz.mapper.HouseMapper.selectPageCount:] http-nio-8090-exec-1cid - <==      Total: 1
2020-04-08 17:44:36.981  [http-nio-8090-exec-7] DEBUG [com.xunqi.house.biz.mapper.UserMapper.selectUserByQuery:] http-nio-8090-exec-7cid - ==>  Preparing: select * from user WHERE email = ? and passwd = ? and enable = ? 
2020-04-08 17:44:37.016  [http-nio-8090-exec-7] DEBUG [com.xunqi.house.biz.mapper.UserMapper.selectUserByQuery:] http-nio-8090-exec-7cid - ==> Parameters: hjl1468041654@163.com(String), 2f0610b8f15080987293497c68d4d9f5(String), 1(Integer)
2020-04-08 17:44:37.052  [http-nio-8090-exec-7] DEBUG [com.xunqi.house.biz.mapper.UserMapper.selectUserByQuery:] http-nio-8090-exec-7cid - <==      Total: 1
2020-04-08 17:44:39.075  [http-nio-8090-exec-10] DEBUG [com.xunqi.house.biz.mapper.HouseMapper.selectCommunity:] http-nio-8090-exec-10cid - ==>  Preparing: SELECT id, city_code, name, city_name FROM community 
2020-04-08 17:44:39.080  [http-nio-8090-exec-10] DEBUG [com.xunqi.house.biz.mapper.HouseMapper.selectCommunity:] http-nio-8090-exec-10cid - ==> Parameters: 
2020-04-08 17:44:39.087  [http-nio-8090-exec-10] DEBUG [com.xunqi.house.biz.mapper.HouseMapper.selectCommunity:] http-nio-8090-exec-10cid - <==      Total: 7
2020-04-08 17:46:28.748  [http-nio-8090-exec-2] DEBUG [com.xunqi.house.biz.mapper.HouseMapper.insert:] http-nio-8090-exec-2cid - ==>  Preparing: INSERT INTO house( type, name, price, images, area, beds, baths, rating, remarks, properties, floor_plan, tags, create_time, city_id, community_id, address, state ) VALUES ( ?, ?, ?, ?, ?, ?, ?, ?, ?, ?, ?, ?, ?, ?, ?, ?, ? ) 
2020-04-08 17:46:28.852  [http-nio-8090-exec-2] DEBUG [com.xunqi.house.biz.mapper.HouseMapper.insert:] http-nio-8090-exec-2cid - ==> Parameters: 1(Integer), 北京现代三合院(String), 300(Integer), property-01.jpg,property-01.jpg(String), 500(Integer), 4(Integer), 4(Integer), 0.0(Double), dasda(String), 满五年,采光好(String), floor-plan-02.jpg(String), (String), 2020-04-08 17:46:28.675(Timestamp), 1(Integer), 1(Integer), 郴州市北大青鸟(String), 1(Integer)
2020-04-08 17:46:28.900  [http-nio-8090-exec-2] DEBUG [com.xunqi.house.biz.mapper.HouseMapper.insert:] http-nio-8090-exec-2cid - <==    Updates: 1
2020-04-08 17:46:30.457  [http-nio-8090-exec-2] DEBUG [com.xunqi.house.biz.mapper.HouseMapper.selectHouseUser:] http-nio-8090-exec-2cid - ==>  Preparing: SELECT id, house_id, user_id, create_time, type FROM house_user WHERE house_id = ? AND user_id = ? AND type = ? 
2020-04-08 17:46:30.462  [http-nio-8090-exec-2] DEBUG [com.xunqi.house.biz.mapper.HouseMapper.selectHouseUser:] http-nio-8090-exec-2cid - ==> Parameters: 52(Long), 7(Long), 1(Integer)
2020-04-08 17:46:30.482  [http-nio-8090-exec-2] DEBUG [com.xunqi.house.biz.mapper.HouseMapper.selectHouseUser:] http-nio-8090-exec-2cid - <==      Total: 0
2020-04-08 17:46:30.496  [http-nio-8090-exec-2] DEBUG [com.xunqi.house.biz.mapper.HouseMapper.insertHouseUser:] http-nio-8090-exec-2cid - ==>  Preparing: INSERT INTO house_user (house_id, user_id, create_time, type) VALUES ( ?, ?, ?, ? ) 
2020-04-08 17:46:30.497  [http-nio-8090-exec-2] DEBUG [com.xunqi.house.biz.mapper.HouseMapper.insertHouseUser:] http-nio-8090-exec-2cid - ==> Parameters: 52(Long), 7(Long), 2020-04-08 17:46:30.495(Timestamp), 1(Integer)
2020-04-08 17:46:30.501  [http-nio-8090-exec-2] DEBUG [com.xunqi.house.biz.mapper.HouseMapper.insertHouseUser:] http-nio-8090-exec-2cid - <==    Updates: 1
2020-04-08 17:46:32.098  [http-nio-8090-exec-3] DEBUG [com.xunqi.house.biz.mapper.HouseMapper.selectPageHouses:] http-nio-8090-exec-3cid - ==>  Preparing: select a.id, a.type, a.name, a.price, a.images, a.area, a.beds, a.baths, a.rating, a.remarks, a.properties, a.floor_plan, a.tags, a.create_time, a.city_id, a.community_id, a.address, a.state from house a WHERE state = 1 order by a.create_time desc limit ?,? 
2020-04-08 17:46:32.118  [http-nio-8090-exec-3] DEBUG [com.xunqi.house.biz.mapper.HouseMapper.selectPageHouses:] http-nio-8090-exec-3cid - ==> Parameters: 2(Integer), 1(Integer)
2020-04-08 17:46:32.162  [http-nio-8090-exec-3] DEBUG [com.xunqi.house.biz.mapper.HouseMapper.selectPageHouses:] http-nio-8090-exec-3cid - <==      Total: 1
2020-04-08 17:46:32.215  [http-nio-8090-exec-3] DEBUG [com.xunqi.house.biz.mapper.HouseMapper.selectPageCount:] http-nio-8090-exec-3cid - ==>  Preparing: SELECT COUNT(id) FROM house AS a WHERE state = 1 
2020-04-08 17:46:32.241  [http-nio-8090-exec-3] DEBUG [com.xunqi.house.biz.mapper.HouseMapper.selectPageCount:] http-nio-8090-exec-3cid - ==> Parameters: 
2020-04-08 17:46:32.257  [http-nio-8090-exec-3] DEBUG [com.xunqi.house.biz.mapper.HouseMapper.selectPageCount:] http-nio-8090-exec-3cid - <==      Total: 1
2020-04-08 17:46:36.883  [http-nio-8090-exec-5] DEBUG [com.xunqi.house.biz.mapper.HouseMapper.selectPageHouses:] http-nio-8090-exec-5cid - ==>  Preparing: select a.id, a.type, a.name, a.price, a.images, a.area, a.beds, a.baths, a.rating, a.remarks, a.properties, a.floor_plan, a.tags, a.create_time, a.city_id, a.community_id, a.address, a.state from house a WHERE state = 1 order by a.create_time desc limit ?,? 
2020-04-08 17:46:36.890  [http-nio-8090-exec-5] DEBUG [com.xunqi.house.biz.mapper.HouseMapper.selectPageHouses:] http-nio-8090-exec-5cid - ==> Parameters: 23(Integer), 1(Integer)
2020-04-08 17:46:36.899  [http-nio-8090-exec-5] DEBUG [com.xunqi.house.biz.mapper.HouseMapper.selectPageHouses:] http-nio-8090-exec-5cid - <==      Total: 1
2020-04-08 17:46:36.902  [http-nio-8090-exec-5] DEBUG [com.xunqi.house.biz.mapper.HouseMapper.selectPageCount:] http-nio-8090-exec-5cid - ==>  Preparing: SELECT COUNT(id) FROM house AS a WHERE state = 1 
2020-04-08 17:46:36.903  [http-nio-8090-exec-5] DEBUG [com.xunqi.house.biz.mapper.HouseMapper.selectPageCount:] http-nio-8090-exec-5cid - ==> Parameters: 
2020-04-08 17:46:36.905  [http-nio-8090-exec-5] DEBUG [com.xunqi.house.biz.mapper.HouseMapper.selectPageCount:] http-nio-8090-exec-5cid - <==      Total: 1
2020-04-08 17:46:41.542  [http-nio-8090-exec-7] DEBUG [com.xunqi.house.biz.mapper.HouseMapper.selectPageHouses:] http-nio-8090-exec-7cid - ==>  Preparing: select a.id, a.type, a.name, a.price, a.images, a.area, a.beds, a.baths, a.rating, a.remarks, a.properties, a.floor_plan, a.tags, a.create_time, a.city_id, a.community_id, a.address, a.state from house a WHERE state = 1 order by a.create_time desc limit ?,? 
2020-04-08 17:46:41.546  [http-nio-8090-exec-7] DEBUG [com.xunqi.house.biz.mapper.HouseMapper.selectPageHouses:] http-nio-8090-exec-7cid - ==> Parameters: 1(Integer), 1(Integer)
2020-04-08 17:46:41.552  [http-nio-8090-exec-7] DEBUG [com.xunqi.house.biz.mapper.HouseMapper.selectPageHouses:] http-nio-8090-exec-7cid - <==      Total: 1
2020-04-08 17:46:41.556  [http-nio-8090-exec-7] DEBUG [com.xunqi.house.biz.mapper.HouseMapper.selectPageCount:] http-nio-8090-exec-7cid - ==>  Preparing: SELECT COUNT(id) FROM house AS a WHERE state = 1 
2020-04-08 17:46:41.557  [http-nio-8090-exec-7] DEBUG [com.xunqi.house.biz.mapper.HouseMapper.selectPageCount:] http-nio-8090-exec-7cid - ==> Parameters: 
2020-04-08 17:46:41.558  [http-nio-8090-exec-7] DEBUG [com.xunqi.house.biz.mapper.HouseMapper.selectPageCount:] http-nio-8090-exec-7cid - <==      Total: 1
2020-04-08 17:46:41.606  [http-nio-8090-exec-8] DEBUG [com.xunqi.house.biz.mapper.HouseMapper.selectPageHouses:] http-nio-8090-exec-8cid - ==>  Preparing: select a.id, a.type, a.name, a.price, a.images, a.area, a.beds, a.baths, a.rating, a.remarks, a.properties, a.floor_plan, a.tags, a.create_time, a.city_id, a.community_id, a.address, a.state from house a WHERE state = 1 order by a.create_time desc limit ?,? 
2020-04-08 17:46:41.607  [http-nio-8090-exec-8] DEBUG [com.xunqi.house.biz.mapper.HouseMapper.selectPageHouses:] http-nio-8090-exec-8cid - ==> Parameters: 1(Integer), 1(Integer)
2020-04-08 17:46:41.610  [http-nio-8090-exec-8] DEBUG [com.xunqi.house.biz.mapper.HouseMapper.selectPageHouses:] http-nio-8090-exec-8cid - <==      Total: 1
2020-04-08 17:46:41.611  [http-nio-8090-exec-8] DEBUG [com.xunqi.house.biz.mapper.HouseMapper.selectPageCount:] http-nio-8090-exec-8cid - ==>  Preparing: SELECT COUNT(id) FROM house AS a WHERE state = 1 
2020-04-08 17:46:41.611  [http-nio-8090-exec-8] DEBUG [com.xunqi.house.biz.mapper.HouseMapper.selectPageCount:] http-nio-8090-exec-8cid - ==> Parameters: 
2020-04-08 17:46:41.612  [http-nio-8090-exec-8] DEBUG [com.xunqi.house.biz.mapper.HouseMapper.selectPageCount:] http-nio-8090-exec-8cid - <==      Total: 1
2020-04-08 17:46:43.369  [http-nio-8090-exec-10] DEBUG [com.xunqi.house.biz.mapper.HouseMapper.selectPageHouses:] http-nio-8090-exec-10cid - ==>  Preparing: select a.id, a.type, a.name, a.price, a.images, a.area, a.beds, a.baths, a.rating, a.remarks, a.properties, a.floor_plan, a.tags, a.create_time, a.city_id, a.community_id, a.address, a.state from house a WHERE state = 1 order by a.create_time desc limit ?,? 
2020-04-08 17:46:43.377  [http-nio-8090-exec-10] DEBUG [com.xunqi.house.biz.mapper.HouseMapper.selectPageHouses:] http-nio-8090-exec-10cid - ==> Parameters: 3(Integer), 1(Integer)
2020-04-08 17:46:43.383  [http-nio-8090-exec-10] DEBUG [com.xunqi.house.biz.mapper.HouseMapper.selectPageHouses:] http-nio-8090-exec-10cid - <==      Total: 1
2020-04-08 17:46:43.385  [http-nio-8090-exec-10] DEBUG [com.xunqi.house.biz.mapper.HouseMapper.selectPageCount:] http-nio-8090-exec-10cid - ==>  Preparing: SELECT COUNT(id) FROM house AS a WHERE state = 1 
2020-04-08 17:46:43.386  [http-nio-8090-exec-10] DEBUG [com.xunqi.house.biz.mapper.HouseMapper.selectPageCount:] http-nio-8090-exec-10cid - ==> Parameters: 
2020-04-08 17:46:43.387  [http-nio-8090-exec-10] DEBUG [com.xunqi.house.biz.mapper.HouseMapper.selectPageCount:] http-nio-8090-exec-10cid - <==      Total: 1
2020-04-08 17:46:44.838  [http-nio-8090-exec-1] DEBUG [com.xunqi.house.biz.mapper.HouseMapper.selectPageHouses:] http-nio-8090-exec-1cid - ==>  Preparing: select a.id, a.type, a.name, a.price, a.images, a.area, a.beds, a.baths, a.rating, a.remarks, a.properties, a.floor_plan, a.tags, a.create_time, a.city_id, a.community_id, a.address, a.state from house a WHERE state = 1 order by a.create_time desc limit ?,? 
2020-04-08 17:46:44.858  [http-nio-8090-exec-1] DEBUG [com.xunqi.house.biz.mapper.HouseMapper.selectPageHouses:] http-nio-8090-exec-1cid - ==> Parameters: 2(Integer), 1(Integer)
2020-04-08 17:46:44.861  [http-nio-8090-exec-1] DEBUG [com.xunqi.house.biz.mapper.HouseMapper.selectPageHouses:] http-nio-8090-exec-1cid - <==      Total: 1
2020-04-08 17:46:44.863  [http-nio-8090-exec-1] DEBUG [com.xunqi.house.biz.mapper.HouseMapper.selectPageCount:] http-nio-8090-exec-1cid - ==>  Preparing: SELECT COUNT(id) FROM house AS a WHERE state = 1 
2020-04-08 17:46:44.864  [http-nio-8090-exec-1] DEBUG [com.xunqi.house.biz.mapper.HouseMapper.selectPageCount:] http-nio-8090-exec-1cid - ==> Parameters: 
2020-04-08 17:46:44.865  [http-nio-8090-exec-1] DEBUG [com.xunqi.house.biz.mapper.HouseMapper.selectPageCount:] http-nio-8090-exec-1cid - <==      Total: 1
2020-04-08 17:46:48.778  [http-nio-8090-exec-2] DEBUG [com.xunqi.house.biz.mapper.HouseMapper.selectPageHouses:] http-nio-8090-exec-2cid - ==>  Preparing: select a.id, a.type, a.name, a.price, a.images, a.area, a.beds, a.baths, a.rating, a.remarks, a.properties, a.floor_plan, a.tags, a.create_time, a.city_id, a.community_id, a.address, a.state from house a WHERE state = 1 order by a.create_time desc limit ?,? 
2020-04-08 17:46:48.780  [http-nio-8090-exec-2] DEBUG [com.xunqi.house.biz.mapper.HouseMapper.selectPageHouses:] http-nio-8090-exec-2cid - ==> Parameters: 0(Integer), 5(Integer)
2020-04-08 17:46:48.790  [http-nio-8090-exec-2] DEBUG [com.xunqi.house.biz.mapper.HouseMapper.selectPageHouses:] http-nio-8090-exec-2cid - <==      Total: 5
2020-04-08 17:46:48.793  [http-nio-8090-exec-2] DEBUG [com.xunqi.house.biz.mapper.HouseMapper.selectPageCount:] http-nio-8090-exec-2cid - ==>  Preparing: SELECT COUNT(id) FROM house AS a WHERE state = 1 
2020-04-08 17:46:48.794  [http-nio-8090-exec-2] DEBUG [com.xunqi.house.biz.mapper.HouseMapper.selectPageCount:] http-nio-8090-exec-2cid - ==> Parameters: 
2020-04-08 17:46:48.796  [http-nio-8090-exec-2] DEBUG [com.xunqi.house.biz.mapper.HouseMapper.selectPageCount:] http-nio-8090-exec-2cid - <==      Total: 1
