2020-03-31 16:02:54.994  [http-nio-8090-exec-6] DEBUG [com.xunqi.house.biz.mapper.UserMapper.insert:] http-nio-8090-exec-6cid - ==>  Preparing: INSERT INTO USER ( name, phone, email, aboutme, passwd, avatar, type, create_time, enable ) VALUES (?,?,?,?,?,?,?,?,?) 
2020-03-31 16:02:55.031  [http-nio-8090-exec-6] DEBUG [com.xunqi.house.biz.mapper.UserMapper.insert:] http-nio-8090-exec-6cid - ==> Parameters: bdqn(String), 15580220501(String), HJL1468041654@163.com(String), 1111(String), 9f6693f36e34d1fed8ad6c9df329167e(String), (String), 1(Integer), 2020-03-31 16:02:54.969(Timestamp), 0(Integer)
2020-03-31 16:09:01.903  [http-nio-8090-exec-5] DEBUG [com.xunqi.house.biz.mapper.UserMapper.insert:] http-nio-8090-exec-5cid - ==>  Preparing: INSERT INTO USER ( name, phone, email, aboutme, passwd, avatar, type, create_time, enable ) VALUES (?,?,?,?,?,?,?,?,?) 
2020-03-31 16:09:02.396  [http-nio-8090-exec-5] DEBUG [com.xunqi.house.biz.mapper.UserMapper.insert:] http-nio-8090-exec-5cid - ==> Parameters: 1468041(String), 15580220501(String), HJL1468041654@163.com(String), 1111(String), 9f6693f36e34d1fed8ad6c9df329167e(String), (String), 1(Integer), 2020-03-31 16:08:48.356(Timestamp), 0(Integer)
2020-03-31 16:09:02.423  [http-nio-8090-exec-5] DEBUG [com.xunqi.house.biz.mapper.UserMapper.insert:] http-nio-8090-exec-5cid - <==    Updates: 1
2020-03-31 16:20:58.003  [http-nio-8090-exec-1] DEBUG [com.xunqi.house.biz.mapper.UserMapper.insert:] http-nio-8090-exec-1cid - ==>  Preparing: INSERT INTO USER ( name, phone, email, aboutme, passwd, avatar, type, create_time, enable ) VALUES (?,?,?,?,?,?,?,?,?) 
2020-03-31 16:20:58.053  [http-nio-8090-exec-1] DEBUG [com.xunqi.house.biz.mapper.UserMapper.insert:] http-nio-8090-exec-1cid - ==> Parameters: 1468041(String), 15580220501(String), HJL1468041654@163.com(String), 1111(String), 9f6693f36e34d1fed8ad6c9df329167e(String), (String), 1(Integer), 2020-03-31 16:20:57.975(Timestamp), 0(Integer)
2020-03-31 16:21:08.153  [http-nio-8090-exec-2] DEBUG [com.xunqi.house.biz.mapper.UserMapper.insert:] http-nio-8090-exec-2cid - ==>  Preparing: INSERT INTO USER ( name, phone, email, aboutme, passwd, avatar, type, create_time, enable ) VALUES (?,?,?,?,?,?,?,?,?) 
2020-03-31 16:21:08.154  [http-nio-8090-exec-2] DEBUG [com.xunqi.house.biz.mapper.UserMapper.insert:] http-nio-8090-exec-2cid - ==> Parameters: 1468041(String), 15580220501(String), HJL1468041654@163.com(String), 1111(String), 9f6693f36e34d1fed8ad6c9df329167e(String), (String), 1(Integer), 2020-03-31 16:21:08.15(Timestamp), 0(Integer)
2020-03-31 16:22:26.241  [http-nio-8090-exec-5] DEBUG [com.xunqi.house.biz.mapper.UserMapper.insert:] http-nio-8090-exec-5cid - ==>  Preparing: INSERT INTO USER ( name, phone, email, aboutme, passwd, avatar, type, create_time, enable ) VALUES (?,?,?,?,?,?,?,?,?) 
2020-03-31 16:22:26.573  [http-nio-8090-exec-5] DEBUG [com.xunqi.house.biz.mapper.UserMapper.insert:] http-nio-8090-exec-5cid - ==> Parameters: 魔兽(String), 15580220501(String), HJL1468041654@163.com(String), 1111(String), 9f6693f36e34d1fed8ad6c9df329167e(String), (String), 1(Integer), 2020-03-31 16:22:26.101(Timestamp), 0(Integer)
2020-03-31 16:23:41.529  [http-nio-8090-exec-1] DEBUG [com.xunqi.house.biz.mapper.UserMapper.insert:] http-nio-8090-exec-1cid - ==>  Preparing: INSERT INTO USER ( name, phone, email, aboutme, passwd, avatar, type, create_time, enable ) VALUES (?,?,?,?,?,?,?,?,?) 
2020-03-31 16:23:41.539  [http-nio-8090-exec-1] DEBUG [com.xunqi.house.biz.mapper.UserMapper.insert:] http-nio-8090-exec-1cid - ==> Parameters: 魔兽(String), 15580220501(String), HJL1468041654@163.com(String), 1111(String), 9f6693f36e34d1fed8ad6c9df329167e(String), (String), 1(Integer), 2020-03-31 16:23:40.547(Timestamp), 0(Integer)
2020-03-31 16:23:41.544  [http-nio-8090-exec-1] DEBUG [com.xunqi.house.biz.mapper.UserMapper.insert:] http-nio-8090-exec-1cid - <==    Updates: 1
2020-03-31 16:28:39.789  [http-nio-8090-exec-6] DEBUG [com.xunqi.house.biz.mapper.UserMapper.insert:] http-nio-8090-exec-6cid - ==>  Preparing: INSERT INTO USER ( name, phone, email, aboutme, passwd, avatar, type, create_time, enable ) VALUES (?,?,?,?,?,?,?,?,?) 
2020-03-31 16:28:40.225  [http-nio-8090-exec-6] DEBUG [com.xunqi.house.biz.mapper.UserMapper.insert:] http-nio-8090-exec-6cid - ==> Parameters: 魔兽(String), 15580220501(String), HJL1468041654@163.com(String), 1111111(String), 8a8966fd844a70b9e3191efb43f29095(String), (String), 1(Integer), 2020-03-31 16:28:37.112(Timestamp), 0(Integer)
2020-03-31 16:28:40.238  [http-nio-8090-exec-6] DEBUG [com.xunqi.house.biz.mapper.UserMapper.insert:] http-nio-8090-exec-6cid - <==    Updates: 1
2020-03-31 16:38:07.404  [http-nio-8090-exec-6] DEBUG [com.xunqi.house.biz.mapper.UserMapper.insert:] http-nio-8090-exec-6cid - ==>  Preparing: INSERT INTO USER ( name, phone, email, aboutme, passwd, avatar, type, create_time, enable ) VALUES (?,?,?,?,?,?,?,?,?) 
2020-03-31 16:38:07.772  [http-nio-8090-exec-6] DEBUG [com.xunqi.house.biz.mapper.UserMapper.insert:] http-nio-8090-exec-6cid - ==> Parameters: ajax(String), 15580220501(String), HJL1468041654@163.com(String), ssss(String), 3ac17a28fb14febd639abcca3a4cac46(String), (String), 1(Integer), 2020-03-31 16:38:06.297(Timestamp), 0(Integer)
2020-03-31 16:38:07.776  [http-nio-8090-exec-6] DEBUG [com.xunqi.house.biz.mapper.UserMapper.insert:] http-nio-8090-exec-6cid - <==    Updates: 1
2020-03-31 16:39:37.378  [http-nio-8090-exec-1] DEBUG [com.xunqi.house.biz.mapper.UserMapper.insert:] http-nio-8090-exec-1cid - ==>  Preparing: INSERT INTO USER ( name, phone, email, aboutme, passwd, avatar, type, create_time, enable ) VALUES (?,?,?,?,?,?,?,?,?) 
2020-03-31 16:39:37.501  [http-nio-8090-exec-1] DEBUG [com.xunqi.house.biz.mapper.UserMapper.insert:] http-nio-8090-exec-1cid - ==> Parameters: ajax(String), 15580220501(String), HJL1468041654@163.com(String), ssss(String), 3ac17a28fb14febd639abcca3a4cac46(String), (String), 1(Integer), 2020-03-31 16:39:37.338(Timestamp), 0(Integer)
2020-03-31 16:39:37.506  [http-nio-8090-exec-1] DEBUG [com.xunqi.house.biz.mapper.UserMapper.insert:] http-nio-8090-exec-1cid - <==    Updates: 1
2020-03-31 16:43:25.940  [http-nio-8090-exec-5] DEBUG [com.xunqi.house.biz.mapper.UserMapper.insert:] http-nio-8090-exec-5cid - ==>  Preparing: INSERT INTO USER ( name, phone, email, aboutme, passwd, avatar, type, create_time, enable ) VALUES (?,?,?,?,?,?,?,?,?) 
2020-03-31 16:43:26.253  [http-nio-8090-exec-5] DEBUG [com.xunqi.house.biz.mapper.UserMapper.insert:] http-nio-8090-exec-5cid - ==> Parameters: 魔兽(String), 15580220501(String), hjl1468041654@163.com(String), dsadsad(String), 9f6693f36e34d1fed8ad6c9df329167e(String), (String), 1(Integer), 2020-03-31 16:43:24.546(Timestamp), 0(Integer)
2020-03-31 16:43:26.258  [http-nio-8090-exec-5] DEBUG [com.xunqi.house.biz.mapper.UserMapper.insert:] http-nio-8090-exec-5cid - <==    Updates: 1
2020-03-31 16:48:14.665  [http-nio-8090-exec-5] DEBUG [com.xunqi.house.biz.mapper.UserMapper.insert:] http-nio-8090-exec-5cid - ==>  Preparing: INSERT INTO USER ( name, phone, email, aboutme, passwd, avatar, type, create_time, enable ) VALUES (?,?,?,?,?,?,?,?,?) 
2020-03-31 16:48:14.702  [http-nio-8090-exec-5] DEBUG [com.xunqi.house.biz.mapper.UserMapper.insert:] http-nio-8090-exec-5cid - ==> Parameters: 魔兽(String), 15580220501(String), hjl1468041654@163.com(String), 1111(String), 9f6693f36e34d1fed8ad6c9df329167e(String), (String), 1(Integer), 2020-03-31 16:48:14.634(Timestamp), 0(Integer)
2020-03-31 16:48:14.709  [http-nio-8090-exec-5] DEBUG [com.xunqi.house.biz.mapper.UserMapper.insert:] http-nio-8090-exec-5cid - <==    Updates: 1
2020-03-31 16:53:01.820  [http-nio-8090-exec-5] DEBUG [com.xunqi.house.biz.mapper.UserMapper.insert:] http-nio-8090-exec-5cid - ==>  Preparing: INSERT INTO USER ( name, phone, email, aboutme, passwd, avatar, type, create_time, enable ) VALUES (?,?,?,?,?,?,?,?,?) 
2020-03-31 16:53:01.896  [http-nio-8090-exec-5] DEBUG [com.xunqi.house.biz.mapper.UserMapper.insert:] http-nio-8090-exec-5cid - ==> Parameters: ajax(String), 15580220501(String), 1468041654@qq.com(String), 111(String), 9f6693f36e34d1fed8ad6c9df329167e(String), (String), 1(Integer), 2020-03-31 16:53:01.751(Timestamp), 0(Integer)
2020-03-31 16:53:01.904  [http-nio-8090-exec-5] DEBUG [com.xunqi.house.biz.mapper.UserMapper.insert:] http-nio-8090-exec-5cid - <==    Updates: 1
2020-03-31 16:56:41.910  [http-nio-8090-exec-5] DEBUG [com.xunqi.house.biz.mapper.UserMapper.insert:] http-nio-8090-exec-5cid - ==>  Preparing: INSERT INTO USER ( name, phone, email, aboutme, passwd, avatar, type, create_time, enable ) VALUES (?,?,?,?,?,?,?,?,?) 
2020-03-31 16:56:41.981  [http-nio-8090-exec-5] DEBUG [com.xunqi.house.biz.mapper.UserMapper.insert:] http-nio-8090-exec-5cid - ==> Parameters: ajax(String), 15580220501(String), 1468041654@qq.com(String), 111(String), 9f6693f36e34d1fed8ad6c9df329167e(String), (String), 1(Integer), 2020-03-31 16:56:41.841(Timestamp), 0(Integer)
2020-03-31 16:56:41.989  [http-nio-8090-exec-5] DEBUG [com.xunqi.house.biz.mapper.UserMapper.insert:] http-nio-8090-exec-5cid - <==    Updates: 1
2020-03-31 16:58:20.788  [http-nio-8090-exec-1] DEBUG [com.xunqi.house.biz.mapper.UserMapper.insert:] http-nio-8090-exec-1cid - ==>  Preparing: INSERT INTO USER ( name, phone, email, aboutme, passwd, avatar, type, create_time, enable ) VALUES (?,?,?,?,?,?,?,?,?) 
2020-03-31 16:58:20.831  [http-nio-8090-exec-1] DEBUG [com.xunqi.house.biz.mapper.UserMapper.insert:] http-nio-8090-exec-1cid - ==> Parameters: ajax(String), 15580220501(String), 1468041654@qq.com(String), 111(String), 9f6693f36e34d1fed8ad6c9df329167e(String), (String), 1(Integer), 2020-03-31 16:58:20.756(Timestamp), 0(Integer)
2020-03-31 16:59:16.822  [http-nio-8090-exec-8] DEBUG [com.xunqi.house.biz.mapper.UserMapper.insert:] http-nio-8090-exec-8cid - ==>  Preparing: INSERT INTO USER ( name, phone, email, aboutme, passwd, avatar, type, create_time, enable ) VALUES (?,?,?,?,?,?,?,?,?) 
2020-03-31 16:59:16.830  [http-nio-8090-exec-8] DEBUG [com.xunqi.house.biz.mapper.UserMapper.insert:] http-nio-8090-exec-8cid - ==> Parameters: 黄正图a(String), 15580220501(String), hjl1468041654@163.com(String), 1111(String), 9f6693f36e34d1fed8ad6c9df329167e(String), (String), 1(Integer), 2020-03-31 16:59:16.817(Timestamp), 0(Integer)
2020-03-31 16:59:16.834  [http-nio-8090-exec-8] DEBUG [com.xunqi.house.biz.mapper.UserMapper.insert:] http-nio-8090-exec-8cid - <==    Updates: 1
