2020-04-08 09:36:29.993  [http-nio-8090-exec-6] DEBUG [com.xunqi.house.biz.mapper.HouseMapper.selectPageHouses:] http-nio-8090-exec-6cid - ==>  Preparing: select a.id, a.type, a.name, a.price, a.images, a.area, a.beds, a.baths, a.rating, a.remarks, a.properties, a.floor_plan, a.tags, a.create_time, a.city_id, a.community_id, a.address, a.state from house a order by a.create_time desc limit ?,? 
2020-04-08 09:36:30.028  [http-nio-8090-exec-6] DEBUG [com.xunqi.house.biz.mapper.HouseMapper.selectPageHouses:] http-nio-8090-exec-6cid - ==> Parameters: 0(Integer), 5(Integer)
2020-04-08 09:36:30.080  [http-nio-8090-exec-6] DEBUG [com.xunqi.house.biz.mapper.HouseMapper.selectPageHouses:] http-nio-8090-exec-6cid - <==      Total: 5
2020-04-08 09:36:30.091  [http-nio-8090-exec-6] DEBUG [com.xunqi.house.biz.mapper.HouseMapper.selectPageCount:] http-nio-8090-exec-6cid - ==>  Preparing: SELECT COUNT(id) FROM house AS a 
2020-04-08 09:36:30.095  [http-nio-8090-exec-6] DEBUG [com.xunqi.house.biz.mapper.HouseMapper.selectPageCount:] http-nio-8090-exec-6cid - ==> Parameters: 
2020-04-08 09:36:30.098  [http-nio-8090-exec-6] DEBUG [com.xunqi.house.biz.mapper.HouseMapper.selectPageCount:] http-nio-8090-exec-6cid - <==      Total: 1
2020-04-08 09:37:11.387  [http-nio-8090-exec-5] DEBUG [com.xunqi.house.biz.mapper.AgencyMapper.selectAgent:] http-nio-8090-exec-5cid - ==>  Preparing: SELECT id, name, phone, email, aboutme, passwd, avatar, type, create_time, enable, agency_id FROM user WHERE enable = 1 and type = 2 ORDER BY id DESC LIMIT ?, ? 
2020-04-08 09:37:11.401  [http-nio-8090-exec-5] DEBUG [com.xunqi.house.biz.mapper.AgencyMapper.selectAgent:] http-nio-8090-exec-5cid - ==> Parameters: 0(Integer), 5(Integer)
2020-04-08 09:37:11.418  [http-nio-8090-exec-5] DEBUG [com.xunqi.house.biz.mapper.AgencyMapper.selectAgent:] http-nio-8090-exec-5cid - <==      Total: 5
2020-04-08 09:37:11.425  [http-nio-8090-exec-5] DEBUG [com.xunqi.house.biz.mapper.AgencyMapper.selectAgentCount:] http-nio-8090-exec-5cid - ==>  Preparing: SELECT COUNT(id) FROM user WHERE enable = 1 AND type = 2 
2020-04-08 09:37:11.426  [http-nio-8090-exec-5] DEBUG [com.xunqi.house.biz.mapper.AgencyMapper.selectAgentCount:] http-nio-8090-exec-5cid - ==> Parameters: 
2020-04-08 09:37:11.428  [http-nio-8090-exec-5] DEBUG [com.xunqi.house.biz.mapper.AgencyMapper.selectAgentCount:] http-nio-8090-exec-5cid - <==      Total: 1
2020-04-08 09:40:42.604  [http-nio-8090-exec-1] DEBUG [com.xunqi.house.biz.mapper.AgencyMapper.selectAgent:] http-nio-8090-exec-1cid - ==>  Preparing: SELECT id, name, phone, email, aboutme, passwd, avatar, type, create_time, enable, agency_id FROM user WHERE enable = 1 and type = 2 ORDER BY id DESC LIMIT ?, ? 
2020-04-08 09:40:43.090  [http-nio-8090-exec-1] DEBUG [com.xunqi.house.biz.mapper.AgencyMapper.selectAgent:] http-nio-8090-exec-1cid - ==> Parameters: 0(Integer), 5(Integer)
2020-04-08 09:40:43.402  [http-nio-8090-exec-1] DEBUG [com.xunqi.house.biz.mapper.AgencyMapper.selectAgent:] http-nio-8090-exec-1cid - <==      Total: 5
2020-04-08 09:44:32.032  [http-nio-8090-exec-1] DEBUG [com.xunqi.house.biz.mapper.AgencyMapper.selectAgentCount:] http-nio-8090-exec-1cid - ==>  Preparing: SELECT COUNT(id) FROM user WHERE enable = 1 AND type = 2 
2020-04-08 09:44:32.070  [http-nio-8090-exec-1] DEBUG [com.xunqi.house.biz.mapper.AgencyMapper.selectAgentCount:] http-nio-8090-exec-1cid - ==> Parameters: 
2020-04-08 09:44:32.088  [http-nio-8090-exec-1] DEBUG [com.xunqi.house.biz.mapper.AgencyMapper.selectAgentCount:] http-nio-8090-exec-1cid - <==      Total: 1
2020-04-08 09:47:10.634  [http-nio-8090-exec-1] DEBUG [com.xunqi.house.biz.mapper.AgencyMapper.selectAgent:] http-nio-8090-exec-1cid - ==>  Preparing: SELECT id, name, phone, email, aboutme, passwd, avatar, type, create_time, enable, agency_id FROM user WHERE enable = 1 and type = 2 ORDER BY id DESC LIMIT ?, ? 
2020-04-08 09:47:11.167  [http-nio-8090-exec-1] DEBUG [com.xunqi.house.biz.mapper.AgencyMapper.selectAgent:] http-nio-8090-exec-1cid - ==> Parameters: 0(Integer), 2(Integer)
2020-04-08 09:47:11.411  [http-nio-8090-exec-1] DEBUG [com.xunqi.house.biz.mapper.AgencyMapper.selectAgent:] http-nio-8090-exec-1cid - <==      Total: 2
2020-04-08 09:47:15.013  [http-nio-8090-exec-1] DEBUG [com.xunqi.house.biz.mapper.AgencyMapper.selectAgentCount:] http-nio-8090-exec-1cid - ==>  Preparing: SELECT COUNT(id) FROM user WHERE enable = 1 AND type = 2 
2020-04-08 09:47:15.018  [http-nio-8090-exec-1] DEBUG [com.xunqi.house.biz.mapper.AgencyMapper.selectAgentCount:] http-nio-8090-exec-1cid - ==> Parameters: 
2020-04-08 09:47:15.019  [http-nio-8090-exec-1] DEBUG [com.xunqi.house.biz.mapper.AgencyMapper.selectAgentCount:] http-nio-8090-exec-1cid - <==      Total: 1
2020-04-08 09:47:40.720  [http-nio-8090-exec-7] DEBUG [com.xunqi.house.biz.mapper.AgencyMapper.selectAgent:] http-nio-8090-exec-7cid - ==>  Preparing: SELECT id, name, phone, email, aboutme, passwd, avatar, type, create_time, enable, agency_id FROM user WHERE enable = 1 and type = 2 ORDER BY id DESC LIMIT ?, ? 
2020-04-08 09:47:40.722  [http-nio-8090-exec-7] DEBUG [com.xunqi.house.biz.mapper.AgencyMapper.selectAgent:] http-nio-8090-exec-7cid - ==> Parameters: 0(Integer), 2(Integer)
2020-04-08 09:47:40.726  [http-nio-8090-exec-7] DEBUG [com.xunqi.house.biz.mapper.AgencyMapper.selectAgent:] http-nio-8090-exec-7cid - <==      Total: 2
2020-04-08 09:47:40.727  [http-nio-8090-exec-7] DEBUG [com.xunqi.house.biz.mapper.AgencyMapper.selectAgentCount:] http-nio-8090-exec-7cid - ==>  Preparing: SELECT COUNT(id) FROM user WHERE enable = 1 AND type = 2 
2020-04-08 09:47:40.727  [http-nio-8090-exec-7] DEBUG [com.xunqi.house.biz.mapper.AgencyMapper.selectAgentCount:] http-nio-8090-exec-7cid - ==> Parameters: 
2020-04-08 09:47:40.729  [http-nio-8090-exec-7] DEBUG [com.xunqi.house.biz.mapper.AgencyMapper.selectAgentCount:] http-nio-8090-exec-7cid - <==      Total: 1
2020-04-08 09:48:30.772  [http-nio-8090-exec-2] DEBUG [com.xunqi.house.biz.mapper.AgencyMapper.selectAgent:] http-nio-8090-exec-2cid - ==>  Preparing: SELECT id, name, phone, email, aboutme, passwd, avatar, type, create_time, enable, agency_id FROM user WHERE enable = 1 and type = 2 ORDER BY id DESC LIMIT ?, ? 
2020-04-08 09:48:30.782  [http-nio-8090-exec-2] DEBUG [com.xunqi.house.biz.mapper.AgencyMapper.selectAgent:] http-nio-8090-exec-2cid - ==> Parameters: 2(Integer), 2(Integer)
2020-04-08 09:48:30.794  [http-nio-8090-exec-2] DEBUG [com.xunqi.house.biz.mapper.AgencyMapper.selectAgent:] http-nio-8090-exec-2cid - <==      Total: 2
2020-04-08 09:48:30.794  [http-nio-8090-exec-2] DEBUG [com.xunqi.house.biz.mapper.AgencyMapper.selectAgentCount:] http-nio-8090-exec-2cid - ==>  Preparing: SELECT COUNT(id) FROM user WHERE enable = 1 AND type = 2 
2020-04-08 09:48:30.795  [http-nio-8090-exec-2] DEBUG [com.xunqi.house.biz.mapper.AgencyMapper.selectAgentCount:] http-nio-8090-exec-2cid - ==> Parameters: 
2020-04-08 09:48:30.797  [http-nio-8090-exec-2] DEBUG [com.xunqi.house.biz.mapper.AgencyMapper.selectAgentCount:] http-nio-8090-exec-2cid - <==      Total: 1
2020-04-08 09:48:36.928  [http-nio-8090-exec-1] DEBUG [com.xunqi.house.biz.mapper.AgencyMapper.selectAgent:] http-nio-8090-exec-1cid - ==>  Preparing: SELECT id, name, phone, email, aboutme, passwd, avatar, type, create_time, enable, agency_id FROM user WHERE enable = 1 and type = 2 ORDER BY id DESC LIMIT ?, ? 
2020-04-08 09:48:36.948  [http-nio-8090-exec-1] DEBUG [com.xunqi.house.biz.mapper.AgencyMapper.selectAgent:] http-nio-8090-exec-1cid - ==> Parameters: 4(Integer), 2(Integer)
2020-04-08 09:48:36.954  [http-nio-8090-exec-1] DEBUG [com.xunqi.house.biz.mapper.AgencyMapper.selectAgent:] http-nio-8090-exec-1cid - <==      Total: 2
2020-04-08 09:48:36.955  [http-nio-8090-exec-1] DEBUG [com.xunqi.house.biz.mapper.AgencyMapper.selectAgentCount:] http-nio-8090-exec-1cid - ==>  Preparing: SELECT COUNT(id) FROM user WHERE enable = 1 AND type = 2 
2020-04-08 09:48:36.955  [http-nio-8090-exec-1] DEBUG [com.xunqi.house.biz.mapper.AgencyMapper.selectAgentCount:] http-nio-8090-exec-1cid - ==> Parameters: 
2020-04-08 09:48:36.956  [http-nio-8090-exec-1] DEBUG [com.xunqi.house.biz.mapper.AgencyMapper.selectAgentCount:] http-nio-8090-exec-1cid - <==      Total: 1
2020-04-08 09:48:41.596  [http-nio-8090-exec-5] DEBUG [com.xunqi.house.biz.mapper.AgencyMapper.selectAgent:] http-nio-8090-exec-5cid - ==>  Preparing: SELECT id, name, phone, email, aboutme, passwd, avatar, type, create_time, enable, agency_id FROM user WHERE enable = 1 and type = 2 ORDER BY id DESC LIMIT ?, ? 
2020-04-08 09:48:41.597  [http-nio-8090-exec-5] DEBUG [com.xunqi.house.biz.mapper.AgencyMapper.selectAgent:] http-nio-8090-exec-5cid - ==> Parameters: 6(Integer), 2(Integer)
2020-04-08 09:48:41.599  [http-nio-8090-exec-5] DEBUG [com.xunqi.house.biz.mapper.AgencyMapper.selectAgent:] http-nio-8090-exec-5cid - <==      Total: 2
2020-04-08 09:48:41.599  [http-nio-8090-exec-5] DEBUG [com.xunqi.house.biz.mapper.AgencyMapper.selectAgentCount:] http-nio-8090-exec-5cid - ==>  Preparing: SELECT COUNT(id) FROM user WHERE enable = 1 AND type = 2 
2020-04-08 09:48:41.600  [http-nio-8090-exec-5] DEBUG [com.xunqi.house.biz.mapper.AgencyMapper.selectAgentCount:] http-nio-8090-exec-5cid - ==> Parameters: 
2020-04-08 09:48:41.601  [http-nio-8090-exec-5] DEBUG [com.xunqi.house.biz.mapper.AgencyMapper.selectAgentCount:] http-nio-8090-exec-5cid - <==      Total: 1
2020-04-08 09:48:45.062  [http-nio-8090-exec-7] DEBUG [com.xunqi.house.biz.mapper.AgencyMapper.selectAgent:] http-nio-8090-exec-7cid - ==>  Preparing: SELECT id, name, phone, email, aboutme, passwd, avatar, type, create_time, enable, agency_id FROM user WHERE enable = 1 and type = 2 ORDER BY id DESC LIMIT ?, ? 
2020-04-08 09:48:45.062  [http-nio-8090-exec-7] DEBUG [com.xunqi.house.biz.mapper.AgencyMapper.selectAgent:] http-nio-8090-exec-7cid - ==> Parameters: 8(Integer), 2(Integer)
2020-04-08 09:48:45.064  [http-nio-8090-exec-7] DEBUG [com.xunqi.house.biz.mapper.AgencyMapper.selectAgent:] http-nio-8090-exec-7cid - <==      Total: 2
2020-04-08 09:48:45.065  [http-nio-8090-exec-7] DEBUG [com.xunqi.house.biz.mapper.AgencyMapper.selectAgentCount:] http-nio-8090-exec-7cid - ==>  Preparing: SELECT COUNT(id) FROM user WHERE enable = 1 AND type = 2 
2020-04-08 09:48:45.066  [http-nio-8090-exec-7] DEBUG [com.xunqi.house.biz.mapper.AgencyMapper.selectAgentCount:] http-nio-8090-exec-7cid - ==> Parameters: 
2020-04-08 09:48:45.068  [http-nio-8090-exec-7] DEBUG [com.xunqi.house.biz.mapper.AgencyMapper.selectAgentCount:] http-nio-8090-exec-7cid - <==      Total: 1
2020-04-08 09:48:49.012  [http-nio-8090-exec-9] DEBUG [com.xunqi.house.biz.mapper.AgencyMapper.selectAgent:] http-nio-8090-exec-9cid - ==>  Preparing: SELECT id, name, phone, email, aboutme, passwd, avatar, type, create_time, enable, agency_id FROM user WHERE enable = 1 and type = 2 ORDER BY id DESC LIMIT ?, ? 
2020-04-08 09:48:49.013  [http-nio-8090-exec-9] DEBUG [com.xunqi.house.biz.mapper.AgencyMapper.selectAgent:] http-nio-8090-exec-9cid - ==> Parameters: 10(Integer), 2(Integer)
2020-04-08 09:48:49.016  [http-nio-8090-exec-9] DEBUG [com.xunqi.house.biz.mapper.AgencyMapper.selectAgent:] http-nio-8090-exec-9cid - <==      Total: 0
2020-04-08 09:48:49.019  [http-nio-8090-exec-9] DEBUG [com.xunqi.house.biz.mapper.AgencyMapper.selectAgentCount:] http-nio-8090-exec-9cid - ==>  Preparing: SELECT COUNT(id) FROM user WHERE enable = 1 AND type = 2 
2020-04-08 09:48:49.021  [http-nio-8090-exec-9] DEBUG [com.xunqi.house.biz.mapper.AgencyMapper.selectAgentCount:] http-nio-8090-exec-9cid - ==> Parameters: 
2020-04-08 09:48:49.023  [http-nio-8090-exec-9] DEBUG [com.xunqi.house.biz.mapper.AgencyMapper.selectAgentCount:] http-nio-8090-exec-9cid - <==      Total: 1
2020-04-08 09:48:52.411  [http-nio-8090-exec-2] DEBUG [com.xunqi.house.biz.mapper.AgencyMapper.selectAgent:] http-nio-8090-exec-2cid - ==>  Preparing: SELECT id, name, phone, email, aboutme, passwd, avatar, type, create_time, enable, agency_id FROM user WHERE enable = 1 and type = 2 ORDER BY id DESC LIMIT ?, ? 
2020-04-08 09:48:52.415  [http-nio-8090-exec-2] DEBUG [com.xunqi.house.biz.mapper.AgencyMapper.selectAgent:] http-nio-8090-exec-2cid - ==> Parameters: 8(Integer), 2(Integer)
2020-04-08 09:48:52.418  [http-nio-8090-exec-2] DEBUG [com.xunqi.house.biz.mapper.AgencyMapper.selectAgent:] http-nio-8090-exec-2cid - <==      Total: 2
2020-04-08 09:48:52.423  [http-nio-8090-exec-2] DEBUG [com.xunqi.house.biz.mapper.AgencyMapper.selectAgentCount:] http-nio-8090-exec-2cid - ==>  Preparing: SELECT COUNT(id) FROM user WHERE enable = 1 AND type = 2 
2020-04-08 09:48:52.427  [http-nio-8090-exec-2] DEBUG [com.xunqi.house.biz.mapper.AgencyMapper.selectAgentCount:] http-nio-8090-exec-2cid - ==> Parameters: 
2020-04-08 09:48:52.429  [http-nio-8090-exec-2] DEBUG [com.xunqi.house.biz.mapper.AgencyMapper.selectAgentCount:] http-nio-8090-exec-2cid - <==      Total: 1
2020-04-08 09:52:09.505  [http-nio-8090-exec-4] DEBUG [com.xunqi.house.biz.mapper.AgencyMapper.selectAgent:] http-nio-8090-exec-4cid - ==>  Preparing: SELECT id, name, phone, email, aboutme, passwd, avatar, type, create_time, enable, agency_id FROM user WHERE enable = 1 and type = 2 ORDER BY id DESC LIMIT ?, ? 
2020-04-08 09:52:09.528  [http-nio-8090-exec-4] DEBUG [com.xunqi.house.biz.mapper.AgencyMapper.selectAgent:] http-nio-8090-exec-4cid - ==> Parameters: 8(Integer), 2(Integer)
2020-04-08 09:52:09.603  [http-nio-8090-exec-4] DEBUG [com.xunqi.house.biz.mapper.AgencyMapper.selectAgent:] http-nio-8090-exec-4cid - <==      Total: 2
2020-04-08 09:52:09.606  [http-nio-8090-exec-4] DEBUG [com.xunqi.house.biz.mapper.AgencyMapper.selectAgentCount:] http-nio-8090-exec-4cid - ==>  Preparing: SELECT COUNT(id) FROM user WHERE enable = 1 AND type = 2 
2020-04-08 09:52:09.608  [http-nio-8090-exec-4] DEBUG [com.xunqi.house.biz.mapper.AgencyMapper.selectAgentCount:] http-nio-8090-exec-4cid - ==> Parameters: 
2020-04-08 09:52:09.609  [http-nio-8090-exec-4] DEBUG [com.xunqi.house.biz.mapper.AgencyMapper.selectAgentCount:] http-nio-8090-exec-4cid - <==      Total: 1
