2020-03-31 17:03:21.030  [http-nio-8090-exec-4] DEBUG [com.xunqi.house.biz.mapper.UserMapper.insert:] http-nio-8090-exec-4cid - ==>  Preparing: INSERT INTO USER ( name, phone, email, aboutme, passwd, avatar, type, create_time, enable ) VALUES (?,?,?,?,?,?,?,?,?) 
2020-03-31 17:03:21.032  [http-nio-8090-exec-4] DEBUG [com.xunqi.house.biz.mapper.UserMapper.insert:] http-nio-8090-exec-4cid - ==> Parameters: 黄正图(String), 15580220501(String), hjl1468041654@163.com(String), 111111(String), 8a8966fd844a70b9e3191efb43f29095(String), (String), 1(Integer), 2020-03-31 17:03:21.029(Timestamp), 0(Integer)
2020-03-31 17:04:13.097  [http-nio-8090-exec-10] DEBUG [com.xunqi.house.biz.mapper.UserMapper.insert:] http-nio-8090-exec-10cid - ==>  Preparing: INSERT INTO USER ( name, phone, email, aboutme, passwd, avatar, type, create_time, enable ) VALUES (?,?,?,?,?,?,?,?,?) 
2020-03-31 17:04:13.099  [http-nio-8090-exec-10] DEBUG [com.xunqi.house.biz.mapper.UserMapper.insert:] http-nio-8090-exec-10cid - ==> Parameters: ajax(String), 15580220501(String), hjl1468041654@163.com(String), sss(String), 3ac17a28fb14febd639abcca3a4cac46(String), (String), 1(Integer), 2020-03-31 17:04:13.096(Timestamp), 0(Integer)
2020-03-31 17:05:29.569  [http-nio-8090-exec-3] DEBUG [com.xunqi.house.biz.mapper.UserMapper.insert:] http-nio-8090-exec-3cid - ==>  Preparing: INSERT INTO USER ( name, phone, email, aboutme, passwd, avatar, type, create_time, enable ) VALUES (?,?,?,?,?,?,?,?,?) 
2020-03-31 17:05:29.577  [http-nio-8090-exec-3] DEBUG [com.xunqi.house.biz.mapper.UserMapper.insert:] http-nio-8090-exec-3cid - ==> Parameters: ajax(String), 15580220501(String), hjl1468041654@163.com(String), sss(String), 3ac17a28fb14febd639abcca3a4cac46(String), (String), 1(Integer), 2020-03-31 17:05:28.351(Timestamp), 0(Integer)
2020-03-31 17:05:29.579  [http-nio-8090-exec-3] DEBUG [com.xunqi.house.biz.mapper.UserMapper.insert:] http-nio-8090-exec-3cid - <==    Updates: 1
2020-03-31 17:07:01.045  [http-nio-8090-exec-6] DEBUG [com.xunqi.house.biz.mapper.UserMapper.insert:] http-nio-8090-exec-6cid - ==>  Preparing: INSERT INTO USER ( name, phone, email, aboutme, passwd, avatar, type, create_time, enable ) VALUES (?,?,?,?,?,?,?,?,?) 
2020-03-31 17:07:01.047  [http-nio-8090-exec-6] DEBUG [com.xunqi.house.biz.mapper.UserMapper.insert:] http-nio-8090-exec-6cid - ==> Parameters: ajax(String), 15580220501(String), hjl1468041654@163.com(String), sss(String), 3ac17a28fb14febd639abcca3a4cac46(String), (String), 1(Integer), 2020-03-31 17:07:01.045(Timestamp), 0(Integer)
2020-03-31 17:07:54.903  [http-nio-8090-exec-7] DEBUG [com.xunqi.house.biz.mapper.UserMapper.insert:] http-nio-8090-exec-7cid - ==>  Preparing: INSERT INTO USER ( name, phone, email, aboutme, passwd, avatar, type, create_time, enable ) VALUES (?,?,?,?,?,?,?,?,?) 
2020-03-31 17:07:54.905  [http-nio-8090-exec-7] DEBUG [com.xunqi.house.biz.mapper.UserMapper.insert:] http-nio-8090-exec-7cid - ==> Parameters: 魔兽(String), 15580220501(String), hjl1468041654@163.com(String), 1111(String), 9f6693f36e34d1fed8ad6c9df329167e(String), (String), 1(Integer), 2020-03-31 17:07:54.903(Timestamp), 0(Integer)
2020-03-31 17:07:54.905  [http-nio-8090-exec-7] DEBUG [com.xunqi.house.biz.mapper.UserMapper.insert:] http-nio-8090-exec-7cid - <==    Updates: 1
2020-03-31 17:16:51.318  [http-nio-8090-exec-7] DEBUG [com.xunqi.house.biz.mapper.UserMapper.insert:] http-nio-8090-exec-7cid - ==>  Preparing: INSERT INTO USER ( name, phone, email, aboutme, passwd, avatar, type, create_time, enable ) VALUES (?,?,?,?,?,?,?,?,?) 
2020-03-31 17:16:51.672  [http-nio-8090-exec-7] DEBUG [com.xunqi.house.biz.mapper.UserMapper.insert:] http-nio-8090-exec-7cid - ==> Parameters: 魔兽(String), 15580220501(String), hjl1468041654@163.com(String), 2222(String), 9f6693f36e34d1fed8ad6c9df329167e(String), (String), 1(Integer), 2020-03-31 17:16:49.597(Timestamp), 0(Integer)
2020-03-31 17:16:51.675  [http-nio-8090-exec-7] DEBUG [com.xunqi.house.biz.mapper.UserMapper.insert:] http-nio-8090-exec-7cid - <==    Updates: 1
2020-03-31 17:34:54.370  [http-nio-8090-exec-6] DEBUG [com.xunqi.house.biz.mapper.UserMapper.insert:] http-nio-8090-exec-6cid - ==>  Preparing: INSERT INTO USER ( name, phone, email, aboutme, passwd, avatar, type, create_time, enable ) VALUES (?,?,?,?,?,?,?,?,?) 
2020-03-31 17:34:54.406  [http-nio-8090-exec-6] DEBUG [com.xunqi.house.biz.mapper.UserMapper.insert:] http-nio-8090-exec-6cid - ==> Parameters: 魔兽(String), 15580220501(String), 1468041654@qq.com(String), dasdas(String), 2f0610b8f15080987293497c68d4d9f5(String), (String), 1(Integer), 2020-03-31 17:34:54.346(Timestamp), 0(Integer)
2020-03-31 17:34:54.412  [http-nio-8090-exec-6] DEBUG [com.xunqi.house.biz.mapper.UserMapper.insert:] http-nio-8090-exec-6cid - <==    Updates: 1
2020-03-31 17:42:32.324  [http-nio-8090-exec-6] DEBUG [com.xunqi.house.biz.mapper.UserMapper.insert:] http-nio-8090-exec-6cid - ==>  Preparing: INSERT INTO USER ( name, phone, email, aboutme, passwd, avatar, type, create_time, enable ) VALUES (?,?,?,?,?,?,?,?,?) 
2020-03-31 17:42:32.349  [http-nio-8090-exec-6] DEBUG [com.xunqi.house.biz.mapper.UserMapper.insert:] http-nio-8090-exec-6cid - ==> Parameters: ajax(String), 15580220501(String), hjl1468041654@163.com(String), dd(String), 3ac17a28fb14febd639abcca3a4cac46(String), (String), 1(Integer), 2020-03-31 17:42:32.302(Timestamp), 0(Integer)
2020-03-31 17:42:32.355  [http-nio-8090-exec-6] DEBUG [com.xunqi.house.biz.mapper.UserMapper.insert:] http-nio-8090-exec-6cid - <==    Updates: 1
2020-03-31 17:44:53.459  [http-nio-8090-exec-8] DEBUG [com.xunqi.house.biz.mapper.UserMapper.update:] http-nio-8090-exec-8cid - ==>  Preparing: update user SET enable = ? where email = ? 
2020-03-31 17:44:53.465  [http-nio-8090-exec-8] DEBUG [com.xunqi.house.biz.mapper.UserMapper.update:] http-nio-8090-exec-8cid - ==> Parameters: 1(Integer), hjl1468041654@163.com(String)
2020-03-31 17:44:53.472  [http-nio-8090-exec-8] DEBUG [com.xunqi.house.biz.mapper.UserMapper.update:] http-nio-8090-exec-8cid - <==    Updates: 1
2020-03-31 17:44:53.481  [http-nio-8090-exec-8] DEBUG [com.xunqi.house.biz.mapper.UserMapper.delete:] http-nio-8090-exec-8cid - ==>  Preparing: DELETE FROM user WHERE email = ? 
2020-03-31 17:44:53.483  [http-nio-8090-exec-8] DEBUG [com.xunqi.house.biz.mapper.UserMapper.delete:] http-nio-8090-exec-8cid - ==> Parameters: hjl1468041654@163.com(String)
2020-03-31 17:44:53.485  [http-nio-8090-exec-8] DEBUG [com.xunqi.house.biz.mapper.UserMapper.delete:] http-nio-8090-exec-8cid - <==    Updates: 1
2020-03-31 17:56:04.992  [http-nio-8090-exec-9] DEBUG [com.xunqi.house.biz.mapper.UserMapper.insert:] http-nio-8090-exec-9cid - ==>  Preparing: INSERT INTO USER ( name, phone, email, aboutme, passwd, avatar, type, create_time, enable ) VALUES (?,?,?,?,?,?,?,?,?) 
2020-03-31 17:56:05.072  [http-nio-8090-exec-9] DEBUG [com.xunqi.house.biz.mapper.UserMapper.insert:] http-nio-8090-exec-9cid - ==> Parameters: 何杰林(String), 15580220501(String), hjl1468041654@163.com(String), 111(String), 8a8966fd844a70b9e3191efb43f29095(String), (String), 1(Integer), 2020-03-31 17:56:04.913(Timestamp), 0(Integer)
2020-03-31 17:56:05.080  [http-nio-8090-exec-9] DEBUG [com.xunqi.house.biz.mapper.UserMapper.insert:] http-nio-8090-exec-9cid - <==    Updates: 1
2020-03-31 17:59:30.823  [http-nio-8090-exec-2] DEBUG [com.xunqi.house.biz.mapper.UserMapper.insert:] http-nio-8090-exec-2cid - ==>  Preparing: INSERT INTO USER ( name, phone, email, aboutme, passwd, avatar, type, create_time, enable ) VALUES (?,?,?,?,?,?,?,?,?) 
2020-03-31 17:59:30.849  [http-nio-8090-exec-2] DEBUG [com.xunqi.house.biz.mapper.UserMapper.insert:] http-nio-8090-exec-2cid - ==> Parameters: Jerrys(String), 15580220501(String), hjl1468041654@163.com(String), sss(String), d6171578387ec094737281b292bf6b00(String), (String), 1(Integer), 2020-03-31 17:59:30.805(Timestamp), 0(Integer)
2020-03-31 17:59:30.854  [http-nio-8090-exec-2] DEBUG [com.xunqi.house.biz.mapper.UserMapper.insert:] http-nio-8090-exec-2cid - <==    Updates: 1
