2020-04-08 14:03:53.498 [main] INFO  [com.xunqi.house.HouseApplication:48] maincid - Starting HouseApplication on DESKTOP-FU7P8E6 with PID 11232 (started by Jerry in D:\科泰Y2\Y2项目\房产销售平台\house)
2020-04-08 14:03:53.502 [main] INFO  [com.xunqi.house.HouseApplication:662] maincid - No active profile set, falling back to default profiles: default
2020-04-08 14:03:53.850 [main] INFO  [org.springframework.boot.context.embedded.AnnotationConfigEmbeddedWebApplicationContext:583] maincid - Refreshing org.springframework.boot.context.embedded.AnnotationConfigEmbeddedWebApplicationContext@24c22fe: startup date [Wed Apr 08 14:03:53 CST 2020]; root of context hierarchy
2020-04-08 14:03:53.878 [background-preinit] INFO  [org.hibernate.validator.internal.util.Version:30] background-preinitcid - HV000001: Hibernate Validator 5.2.5.Final
2020-04-08 14:03:55.864 [main] INFO  [org.springframework.boot.context.embedded.tomcat.TomcatEmbeddedServletContainer:89] maincid - Tomcat initialized with port(s): 8090 (http)
2020-04-08 14:03:55.874 [main] INFO  [org.apache.catalina.core.StandardService:179] maincid - Starting service [Tomcat]
2020-04-08 14:03:55.876 [main] INFO  [org.apache.catalina.core.StandardEngine:179] maincid - Starting Servlet Engine: Apache Tomcat/8.5.15
2020-04-08 14:03:56.018 [localhost-startStop-1] INFO  [org.apache.catalina.core.ContainerBase.[Tomcat].[localhost].[/]:179] localhost-startStop-1cid - Initializing Spring embedded WebApplicationContext
2020-04-08 14:03:56.018 [localhost-startStop-1] INFO  [org.springframework.web.context.ContextLoader:276] localhost-startStop-1cid - Root WebApplicationContext: initialization completed in 2169 ms
2020-04-08 14:03:56.298 [localhost-startStop-1] INFO  [org.springframework.boot.web.servlet.ServletRegistrationBean:190] localhost-startStop-1cid - Mapping servlet: 'statViewServlet' to [/druid/*]
2020-04-08 14:03:56.299 [localhost-startStop-1] INFO  [org.springframework.boot.web.servlet.ServletRegistrationBean:190] localhost-startStop-1cid - Mapping servlet: 'dispatcherServlet' to [/]
2020-04-08 14:03:56.302 [localhost-startStop-1] INFO  [org.springframework.boot.web.servlet.FilterRegistrationBean:258] localhost-startStop-1cid - Mapping filter: 'metricsFilter' to: [/*]
2020-04-08 14:03:56.302 [localhost-startStop-1] INFO  [org.springframework.boot.web.servlet.FilterRegistrationBean:258] localhost-startStop-1cid - Mapping filter: 'characterEncodingFilter' to: [/*]
2020-04-08 14:03:56.302 [localhost-startStop-1] INFO  [org.springframework.boot.web.servlet.FilterRegistrationBean:258] localhost-startStop-1cid - Mapping filter: 'hiddenHttpMethodFilter' to: [/*]
2020-04-08 14:03:56.303 [localhost-startStop-1] INFO  [org.springframework.boot.web.servlet.FilterRegistrationBean:258] localhost-startStop-1cid - Mapping filter: 'httpPutFormContentFilter' to: [/*]
2020-04-08 14:03:56.303 [localhost-startStop-1] INFO  [org.springframework.boot.web.servlet.FilterRegistrationBean:258] localhost-startStop-1cid - Mapping filter: 'requestContextFilter' to: [/*]
2020-04-08 14:03:56.303 [localhost-startStop-1] INFO  [org.springframework.boot.web.servlet.FilterRegistrationBean:258] localhost-startStop-1cid - Mapping filter: 'webRequestLoggingFilter' to: [/*]
2020-04-08 14:03:56.303 [localhost-startStop-1] INFO  [org.springframework.boot.web.servlet.FilterRegistrationBean:258] localhost-startStop-1cid - Mapping filter: 'applicationContextIdFilter' to: [/*]
2020-04-08 14:03:56.947 [main] INFO  [com.alibaba.druid.pool.DruidDataSource:106] maincid - {dataSource-1} inited
2020-04-08 14:03:57.891 [main] INFO  [org.apache.catalina.core.ContainerBase.[Tomcat].[localhost].[/]:179] maincid - jolokia: No access restrictor found, access to any MBean is allowed
2020-04-08 14:03:58.053 [main] INFO  [org.springframework.web.servlet.mvc.method.annotation.RequestMappingHandlerAdapter:534] maincid - Looking for @ControllerAdvice: org.springframework.boot.context.embedded.AnnotationConfigEmbeddedWebApplicationContext@24c22fe: startup date [Wed Apr 08 14:03:53 CST 2020]; root of context hierarchy
2020-04-08 14:03:58.117 [main] INFO  [org.springframework.web.servlet.mvc.method.annotation.RequestMappingHandlerMapping:543] maincid - Mapped "{[/agency/agentDetail]}" onto public java.lang.String com.xunqi.house.web.controller.AgencyController.agentDetail(java.lang.Long,org.springframework.ui.ModelMap)
2020-04-08 14:03:58.118 [main] INFO  [org.springframework.web.servlet.mvc.method.annotation.RequestMappingHandlerMapping:543] maincid - Mapped "{[/agency/agentList]}" onto public java.lang.String com.xunqi.house.web.controller.AgencyController.agentList(java.lang.Integer,java.lang.Integer,org.springframework.ui.ModelMap)
2020-04-08 14:03:58.118 [main] INFO  [org.springframework.web.servlet.mvc.method.annotation.RequestMappingHandlerMapping:543] maincid - Mapped "{[/hello]}" onto public java.lang.String com.xunqi.house.web.controller.HelloController.hello(org.springframework.ui.ModelMap)
2020-04-08 14:03:58.118 [main] INFO  [org.springframework.web.servlet.mvc.method.annotation.RequestMappingHandlerMapping:543] maincid - Mapped "{[/index]}" onto public java.lang.String com.xunqi.house.web.controller.HomePageController.index(org.springframework.ui.ModelMap)
2020-04-08 14:03:58.119 [main] INFO  [org.springframework.web.servlet.mvc.method.annotation.RequestMappingHandlerMapping:543] maincid - Mapped "{[]}" onto public java.lang.String com.xunqi.house.web.controller.HomePageController.home(org.springframework.ui.ModelMap)
2020-04-08 14:03:58.119 [main] INFO  [org.springframework.web.servlet.mvc.method.annotation.RequestMappingHandlerMapping:543] maincid - Mapped "{[/house/leaveMsg]}" onto public java.lang.String com.xunqi.house.web.controller.HouseController.houseMsg(com.xunqi.house.common.pojo.UserMsg)
2020-04-08 14:03:58.119 [main] INFO  [org.springframework.web.servlet.mvc.method.annotation.RequestMappingHandlerMapping:543] maincid - Mapped "{[/house/list]}" onto public java.lang.String com.xunqi.house.web.controller.HouseController.houseList(java.lang.Integer,java.lang.Integer,com.xunqi.house.common.pojo.House,org.springframework.ui.ModelMap)
2020-04-08 14:03:58.119 [main] INFO  [org.springframework.web.servlet.mvc.method.annotation.RequestMappingHandlerMapping:543] maincid - Mapped "{[/house/detail]}" onto public java.lang.String com.xunqi.house.web.controller.HouseController.houseDetail(java.lang.Long,org.springframework.ui.ModelMap)
2020-04-08 14:03:58.120 [main] INFO  [org.springframework.web.servlet.mvc.method.annotation.RequestMappingHandlerMapping:543] maincid - Mapped "{[/accounts/profile]}" onto public java.lang.String com.xunqi.house.web.controller.UserController.profile(com.xunqi.house.common.pojo.User,org.apache.catalina.servlet4preview.http.HttpServletRequest,org.springframework.ui.ModelMap)
2020-04-08 14:03:58.120 [main] INFO  [org.springframework.web.servlet.mvc.method.annotation.RequestMappingHandlerMapping:543] maincid - Mapped "{[/accounts/verify]}" onto public java.lang.String com.xunqi.house.web.controller.UserController.verify(java.lang.String)
2020-04-08 14:03:58.120 [main] INFO  [org.springframework.web.servlet.mvc.method.annotation.RequestMappingHandlerMapping:543] maincid - Mapped "{[/accounts/signin]}" onto public java.lang.String com.xunqi.house.web.controller.UserController.signin(org.apache.catalina.servlet4preview.http.HttpServletRequest)
2020-04-08 14:03:58.120 [main] INFO  [org.springframework.web.servlet.mvc.method.annotation.RequestMappingHandlerMapping:543] maincid - Mapped "{[/accounts/changePassword]}" onto public java.lang.String com.xunqi.house.web.controller.UserController.changePassword(java.lang.String,java.lang.String,java.lang.String,java.lang.String,org.springframework.ui.ModelMap)
2020-04-08 14:03:58.121 [main] INFO  [org.springframework.web.servlet.mvc.method.annotation.RequestMappingHandlerMapping:543] maincid - Mapped "{[/accounts/register]}" onto public java.lang.String com.xunqi.house.web.controller.UserController.accountRegister(com.xunqi.house.common.pojo.User,org.springframework.ui.ModelMap)
2020-04-08 14:03:58.121 [main] INFO  [org.springframework.web.servlet.mvc.method.annotation.RequestMappingHandlerMapping:543] maincid - Mapped "{[/accounts/logout]}" onto public java.lang.String com.xunqi.house.web.controller.UserController.logout(org.apache.catalina.servlet4preview.http.HttpServletRequest)
2020-04-08 14:03:58.124 [main] INFO  [org.springframework.web.servlet.mvc.method.annotation.RequestMappingHandlerMapping:543] maincid - Mapped "{[/error]}" onto public org.springframework.http.ResponseEntity<java.util.Map<java.lang.String, java.lang.Object>> org.springframework.boot.autoconfigure.web.BasicErrorController.error(javax.servlet.http.HttpServletRequest)
2020-04-08 14:03:58.125 [main] INFO  [org.springframework.web.servlet.mvc.method.annotation.RequestMappingHandlerMapping:543] maincid - Mapped "{[/error],produces=[text/html]}" onto public org.springframework.web.servlet.ModelAndView org.springframework.boot.autoconfigure.web.BasicErrorController.errorHtml(javax.servlet.http.HttpServletRequest,javax.servlet.http.HttpServletResponse)
2020-04-08 14:03:58.169 [main] INFO  [org.springframework.web.servlet.handler.SimpleUrlHandlerMapping:362] maincid - Mapped URL path [/webjars/**] onto handler of type [class org.springframework.web.servlet.resource.ResourceHttpRequestHandler]
2020-04-08 14:03:58.169 [main] INFO  [org.springframework.web.servlet.handler.SimpleUrlHandlerMapping:362] maincid - Mapped URL path [/**] onto handler of type [class org.springframework.web.servlet.resource.ResourceHttpRequestHandler]
2020-04-08 14:03:58.185 [main] INFO  [org.springframework.web.servlet.mvc.method.annotation.ExceptionHandlerExceptionResolver:273] maincid - Detected @ExceptionHandler methods in errorHandler
2020-04-08 14:03:58.210 [main] INFO  [org.springframework.web.servlet.handler.SimpleUrlHandlerMapping:362] maincid - Mapped URL path [/**/favicon.ico] onto handler of type [class org.springframework.web.servlet.resource.ResourceHttpRequestHandler]
2020-04-08 14:03:58.567 [main] INFO  [org.springframework.boot.actuate.endpoint.mvc.EndpointHandlerMapping:543] maincid - Mapped "{[/autoconfig || /autoconfig.json],methods=[GET],produces=[application/json]}" onto public java.lang.Object org.springframework.boot.actuate.endpoint.mvc.EndpointMvcAdapter.invoke()
2020-04-08 14:03:58.567 [main] INFO  [org.springframework.boot.actuate.endpoint.mvc.EndpointHandlerMapping:543] maincid - Mapped "{[/health || /health.json],produces=[application/json]}" onto public java.lang.Object org.springframework.boot.actuate.endpoint.mvc.HealthMvcEndpoint.invoke(java.security.Principal)
2020-04-08 14:03:58.568 [main] INFO  [org.springframework.boot.actuate.endpoint.mvc.EndpointHandlerMapping:543] maincid - Mapped "{[/metrics/{name:.*}],methods=[GET],produces=[application/json]}" onto public java.lang.Object org.springframework.boot.actuate.endpoint.mvc.MetricsMvcEndpoint.value(java.lang.String)
2020-04-08 14:03:58.568 [main] INFO  [org.springframework.boot.actuate.endpoint.mvc.EndpointHandlerMapping:543] maincid - Mapped "{[/metrics || /metrics.json],methods=[GET],produces=[application/json]}" onto public java.lang.Object org.springframework.boot.actuate.endpoint.mvc.EndpointMvcAdapter.invoke()
2020-04-08 14:03:58.568 [main] INFO  [org.springframework.boot.actuate.endpoint.mvc.EndpointHandlerMapping:543] maincid - Mapped "{[/beans || /beans.json],methods=[GET],produces=[application/json]}" onto public java.lang.Object org.springframework.boot.actuate.endpoint.mvc.EndpointMvcAdapter.invoke()
2020-04-08 14:03:58.568 [main] INFO  [org.springframework.boot.actuate.endpoint.mvc.EndpointHandlerMapping:543] maincid - Mapped "{[/dump || /dump.json],methods=[GET],produces=[application/json]}" onto public java.lang.Object org.springframework.boot.actuate.endpoint.mvc.EndpointMvcAdapter.invoke()
2020-04-08 14:03:58.569 [main] INFO  [org.springframework.boot.actuate.endpoint.mvc.EndpointHandlerMapping:543] maincid - Mapped "{[/env/{name:.*}],methods=[GET],produces=[application/json]}" onto public java.lang.Object org.springframework.boot.actuate.endpoint.mvc.EnvironmentMvcEndpoint.value(java.lang.String)
2020-04-08 14:03:58.569 [main] INFO  [org.springframework.boot.actuate.endpoint.mvc.EndpointHandlerMapping:543] maincid - Mapped "{[/env || /env.json],methods=[GET],produces=[application/json]}" onto public java.lang.Object org.springframework.boot.actuate.endpoint.mvc.EndpointMvcAdapter.invoke()
2020-04-08 14:03:58.569 [main] INFO  [org.springframework.boot.actuate.endpoint.mvc.EndpointHandlerMapping:543] maincid - Mapped "{[/jolokia/**]}" onto public org.springframework.web.servlet.ModelAndView org.springframework.boot.actuate.endpoint.mvc.JolokiaMvcEndpoint.handle(javax.servlet.http.HttpServletRequest,javax.servlet.http.HttpServletResponse) throws java.lang.Exception
2020-04-08 14:03:58.570 [main] INFO  [org.springframework.boot.actuate.endpoint.mvc.EndpointHandlerMapping:543] maincid - Mapped "{[/heapdump || /heapdump.json],methods=[GET],produces=[application/octet-stream]}" onto public void org.springframework.boot.actuate.endpoint.mvc.HeapdumpMvcEndpoint.invoke(boolean,javax.servlet.http.HttpServletRequest,javax.servlet.http.HttpServletResponse) throws java.io.IOException,javax.servlet.ServletException
2020-04-08 14:03:58.571 [main] INFO  [org.springframework.boot.actuate.endpoint.mvc.EndpointHandlerMapping:543] maincid - Mapped "{[/configprops || /configprops.json],methods=[GET],produces=[application/json]}" onto public java.lang.Object org.springframework.boot.actuate.endpoint.mvc.EndpointMvcAdapter.invoke()
2020-04-08 14:03:58.575 [main] INFO  [org.springframework.boot.actuate.endpoint.mvc.EndpointHandlerMapping:543] maincid - Mapped "{[/info || /info.json],methods=[GET],produces=[application/json]}" onto public java.lang.Object org.springframework.boot.actuate.endpoint.mvc.EndpointMvcAdapter.invoke()
2020-04-08 14:03:58.576 [main] INFO  [org.springframework.boot.actuate.endpoint.mvc.EndpointHandlerMapping:543] maincid - Mapped "{[/trace || /trace.json],methods=[GET],produces=[application/json]}" onto public java.lang.Object org.springframework.boot.actuate.endpoint.mvc.EndpointMvcAdapter.invoke()
2020-04-08 14:03:58.576 [main] INFO  [org.springframework.boot.actuate.endpoint.mvc.EndpointHandlerMapping:543] maincid - Mapped "{[/mappings || /mappings.json],methods=[GET],produces=[application/json]}" onto public java.lang.Object org.springframework.boot.actuate.endpoint.mvc.EndpointMvcAdapter.invoke()
2020-04-08 14:03:58.683 [main] INFO  [org.springframework.web.servlet.view.freemarker.FreeMarkerConfigurer:127] maincid - ClassTemplateLoader for Spring macros added to FreeMarker configuration
2020-04-08 14:03:58.837 [main] INFO  [org.springframework.jmx.export.annotation.AnnotationMBeanExporter:431] maincid - Registering beans for JMX exposure on startup
2020-04-08 14:03:58.838 [main] INFO  [org.springframework.jmx.export.annotation.AnnotationMBeanExporter:916] maincid - Bean with name 'dataSource' has been autodetected for JMX exposure
2020-04-08 14:03:58.838 [main] INFO  [org.springframework.jmx.export.annotation.AnnotationMBeanExporter:916] maincid - Bean with name 'statFilter' has been autodetected for JMX exposure
2020-04-08 14:03:58.846 [main] INFO  [org.springframework.jmx.export.annotation.AnnotationMBeanExporter:671] maincid - Located MBean 'dataSource': registering with JMX server as MBean [com.alibaba.druid.pool:name=dataSource,type=DruidDataSource]
2020-04-08 14:03:58.847 [main] INFO  [org.springframework.jmx.export.annotation.AnnotationMBeanExporter:671] maincid - Located MBean 'statFilter': registering with JMX server as MBean [com.alibaba.druid.filter.stat:name=statFilter,type=StatFilter]
2020-04-08 14:03:58.847 [main] INFO  [org.springframework.boot.actuate.endpoint.jmx.EndpointMBeanExporter:431] maincid - Registering beans for JMX exposure on startup
2020-04-08 14:03:58.853 [main] INFO  [org.springframework.context.support.DefaultLifecycleProcessor:343] maincid - Starting beans in phase 0
2020-04-08 14:03:58.863 [main] INFO  [org.springframework.boot.actuate.endpoint.jmx.EndpointMBeanExporter:678] maincid - Located managed bean 'requestMappingEndpoint': registering with JMX server as MBean [org.springframework.boot:type=Endpoint,name=requestMappingEndpoint]
2020-04-08 14:03:58.886 [main] INFO  [org.springframework.boot.actuate.endpoint.jmx.EndpointMBeanExporter:678] maincid - Located managed bean 'environmentEndpoint': registering with JMX server as MBean [org.springframework.boot:type=Endpoint,name=environmentEndpoint]
2020-04-08 14:03:58.889 [main] INFO  [org.springframework.boot.actuate.endpoint.jmx.EndpointMBeanExporter:678] maincid - Located managed bean 'healthEndpoint': registering with JMX server as MBean [org.springframework.boot:type=Endpoint,name=healthEndpoint]
2020-04-08 14:03:58.891 [main] INFO  [org.springframework.boot.actuate.endpoint.jmx.EndpointMBeanExporter:678] maincid - Located managed bean 'beansEndpoint': registering with JMX server as MBean [org.springframework.boot:type=Endpoint,name=beansEndpoint]
2020-04-08 14:03:58.893 [main] INFO  [org.springframework.boot.actuate.endpoint.jmx.EndpointMBeanExporter:678] maincid - Located managed bean 'infoEndpoint': registering with JMX server as MBean [org.springframework.boot:type=Endpoint,name=infoEndpoint]
2020-04-08 14:03:58.895 [main] INFO  [org.springframework.boot.actuate.endpoint.jmx.EndpointMBeanExporter:678] maincid - Located managed bean 'metricsEndpoint': registering with JMX server as MBean [org.springframework.boot:type=Endpoint,name=metricsEndpoint]
2020-04-08 14:03:58.897 [main] INFO  [org.springframework.boot.actuate.endpoint.jmx.EndpointMBeanExporter:678] maincid - Located managed bean 'traceEndpoint': registering with JMX server as MBean [org.springframework.boot:type=Endpoint,name=traceEndpoint]
2020-04-08 14:03:58.899 [main] INFO  [org.springframework.boot.actuate.endpoint.jmx.EndpointMBeanExporter:678] maincid - Located managed bean 'dumpEndpoint': registering with JMX server as MBean [org.springframework.boot:type=Endpoint,name=dumpEndpoint]
2020-04-08 14:03:58.903 [main] INFO  [org.springframework.boot.actuate.endpoint.jmx.EndpointMBeanExporter:678] maincid - Located managed bean 'autoConfigurationReportEndpoint': registering with JMX server as MBean [org.springframework.boot:type=Endpoint,name=autoConfigurationReportEndpoint]
2020-04-08 14:03:58.904 [main] INFO  [org.springframework.boot.actuate.endpoint.jmx.EndpointMBeanExporter:678] maincid - Located managed bean 'configurationPropertiesReportEndpoint': registering with JMX server as MBean [org.springframework.boot:type=Endpoint,name=configurationPropertiesReportEndpoint]
2020-04-08 14:03:58.923 [main] INFO  [org.apache.coyote.http11.Http11NioProtocol:179] maincid - Initializing ProtocolHandler ["http-nio-8090"]
2020-04-08 14:03:58.932 [main] INFO  [org.apache.coyote.http11.Http11NioProtocol:179] maincid - Starting ProtocolHandler ["http-nio-8090"]
2020-04-08 14:03:58.961 [main] INFO  [org.apache.tomcat.util.net.NioSelectorPool:179] maincid - Using a shared selector for servlet write/read
2020-04-08 14:03:58.980 [main] INFO  [org.springframework.boot.context.embedded.tomcat.TomcatEmbeddedServletContainer:198] maincid - Tomcat started on port(s): 8090 (http)
2020-04-08 14:03:58.984 [main] INFO  [com.xunqi.house.HouseApplication:57] maincid - Started HouseApplication in 5.981 seconds (JVM running for 8.604)
2020-04-08 14:04:10.133 [http-nio-8090-exec-1] INFO  [org.apache.catalina.core.ContainerBase.[Tomcat].[localhost].[/]:179] http-nio-8090-exec-1cid - Initializing Spring FrameworkServlet 'dispatcherServlet'
2020-04-08 14:04:10.133 [http-nio-8090-exec-1] INFO  [org.springframework.web.servlet.DispatcherServlet:489] http-nio-8090-exec-1cid - FrameworkServlet 'dispatcherServlet': initialization started
2020-04-08 14:04:10.167 [http-nio-8090-exec-1] INFO  [org.springframework.web.servlet.DispatcherServlet:508] http-nio-8090-exec-1cid - FrameworkServlet 'dispatcherServlet': initialization completed in 34 ms
